13:16:16 INFO  : Registering command handlers for SDK TCF services
13:16:17 INFO  : Launching XSCT server: xsct.bat -interactive C:\Users\sebas\Desktop\School\ECE532\T5\T5.sdk\temp_xsdb_launch_script.tcl
13:16:20 INFO  : XSCT server has started successfully.
13:16:25 INFO  : Successfully done setting XSCT server connection channel  
13:16:25 INFO  : Successfully done setting SDK workspace  
13:16:25 INFO  : Processing command line option -hwspec C:/Users/sebas/Desktop/School/ECE532/T5/T5.sdk/design_1_wrapper.hdf.
13:28:48 INFO  : Refreshed build settings on project echo_server
13:31:56 INFO  : Connected to target on host '127.0.0.1' and port '3121'.
13:31:59 INFO  : 'targets -set -filter {jtag_cable_name =~ "Digilent Nexys4DDR 210292646032A" && level==0} -index 0' command is executed.
13:32:01 INFO  : FPGA configured successfully with bitstream "C:/Users/sebas/Desktop/School/ECE532/T5/T5.sdk/design_1_wrapper_hw_platform_0/download.bit"
13:38:38 INFO  : 'targets -set -filter {jtag_cable_name =~ "Digilent Nexys4DDR 210292646032A" && level==0} -index 0' command is executed.
13:38:38 INFO  : 'fpga -state' command is executed.
13:38:38 INFO  : Connected to target on host '127.0.0.1' and port '3121'.
13:38:38 INFO  : Jtag cable 'Digilent Nexys4DDR 210292646032A' is selected.
13:38:38 INFO  : 'jtag frequency' command is executed.
13:38:38 INFO  : 'configparams mdm-detect-bscan-mask 2' command is executed.
13:38:38 INFO  : Context for processor 'microblaze_0' is selected.
13:38:38 INFO  : Processor reset is completed for 'microblaze_0'.
13:38:38 INFO  : Context for processor 'microblaze_0' is selected.
13:38:38 INFO  : The application 'C:/Users/sebas/Desktop/School/ECE532/T5/T5.sdk/echo_server/Debug/echo_server.elf' is downloaded to processor 'microblaze_0'.
13:38:38 INFO  : ----------------XSDB Script----------------
connect -url tcp:127.0.0.1:3121
configparams mdm-detect-bscan-mask 2
targets -set -nocase -filter {name =~ "microblaze*#0" && bscan=="USER2"  && jtag_cable_name =~ "Digilent Nexys4DDR 210292646032A"} -index 0
rst -processor
targets -set -nocase -filter {name =~ "microblaze*#0" && bscan=="USER2"  && jtag_cable_name =~ "Digilent Nexys4DDR 210292646032A"} -index 0
dow C:/Users/sebas/Desktop/School/ECE532/T5/T5.sdk/echo_server/Debug/echo_server.elf
----------------End of Script----------------

13:38:39 INFO  : Context for processor 'microblaze_0' is selected.
13:38:39 INFO  : 'con' command is executed.
13:38:39 INFO  : ----------------XSDB Script (After Launch)----------------
targets -set -nocase -filter {name =~ "microblaze*#0" && bscan=="USER2"  && jtag_cable_name =~ "Digilent Nexys4DDR 210292646032A"} -index 0
con
----------------End of Script----------------

13:38:39 INFO  : Disconnected from the channel tcfchan#1.
13:46:53 INFO  : 'targets -set -filter {jtag_cable_name =~ "Digilent Nexys4DDR 210292646032A" && level==0} -index 0' command is executed.
13:46:53 INFO  : 'fpga -state' command is executed.
13:46:53 INFO  : Connected to target on host '127.0.0.1' and port '3121'.
13:46:53 INFO  : Jtag cable 'Digilent Nexys4DDR 210292646032A' is selected.
13:46:53 INFO  : 'jtag frequency' command is executed.
13:46:53 INFO  : 'configparams mdm-detect-bscan-mask 2' command is executed.
13:46:54 INFO  : Context for processor 'microblaze_0' is selected.
13:46:54 INFO  : Processor reset is completed for 'microblaze_0'.
13:46:54 INFO  : Context for processor 'microblaze_0' is selected.
13:46:54 INFO  : The application 'C:/Users/sebas/Desktop/School/ECE532/T5/T5.sdk/echo_server/Debug/echo_server.elf' is downloaded to processor 'microblaze_0'.
13:46:54 INFO  : ----------------XSDB Script----------------
connect -url tcp:127.0.0.1:3121
configparams mdm-detect-bscan-mask 2
targets -set -nocase -filter {name =~ "microblaze*#0" && bscan=="USER2"  && jtag_cable_name =~ "Digilent Nexys4DDR 210292646032A"} -index 0
rst -processor
targets -set -nocase -filter {name =~ "microblaze*#0" && bscan=="USER2"  && jtag_cable_name =~ "Digilent Nexys4DDR 210292646032A"} -index 0
dow C:/Users/sebas/Desktop/School/ECE532/T5/T5.sdk/echo_server/Debug/echo_server.elf
----------------End of Script----------------

13:46:54 INFO  : Context for processor 'microblaze_0' is selected.
13:46:54 INFO  : 'con' command is executed.
13:46:54 INFO  : ----------------XSDB Script (After Launch)----------------
targets -set -nocase -filter {name =~ "microblaze*#0" && bscan=="USER2"  && jtag_cable_name =~ "Digilent Nexys4DDR 210292646032A"} -index 0
con
----------------End of Script----------------

13:46:54 INFO  : Disconnected from the channel tcfchan#2.
