#-----------------------------------------------------------
# Vivado v2018.3 (64-bit)
# SW Build 2405991 on Thu Dec  6 23:38:27 MST 2018
# IP Build 2404404 on Fri Dec  7 01:43:56 MST 2018
# Start of session at: Mon Jan 22 21:55:13 2024
# Process ID: 27220
# Current directory: C:/Users/sebas/Desktop/Coding/Git Repos/ECE532/Warmup_Demo_Group_Task/Warmup_Demo_Hardware/HW
# Command line: vivado.exe -gui_launcher_event rodinguilauncherevent9648 C:\Users\sebas\Desktop\Coding\Git Repos\ECE532\Warmup_Demo_Group_Task\Warmup_Demo_Hardware\HW\HW.xpr
# Log file: C:/Users/sebas/Desktop/Coding/Git Repos/ECE532/Warmup_Demo_Group_Task/Warmup_Demo_Hardware/HW/vivado.log
# Journal file: C:/Users/sebas/Desktop/Coding/Git Repos/ECE532/Warmup_Demo_Group_Task/Warmup_Demo_Hardware/HW\vivado.jou
#-----------------------------------------------------------
start_gui
open_project {C:/Users/sebas/Desktop/Coding/Git Repos/ECE532/Warmup_Demo_Group_Task/Warmup_Demo_Hardware/HW/HW.xpr}
INFO: [ProjectBase 1-489] The host OS only allows 260 characters in a normal path. The project is stored in a path with more than 80 characters. If you experience issues with IP, Block Designs, or files not being found, please consider moving the project to a location with a shorter path. Alternately consider using the OS subst command to map part of the path to a drive letter.
Current project path is 'C:/Users/sebas/Desktop/Coding/Git Repos/ECE532/Warmup_Demo_Group_Task/Warmup_Demo_Hardware/HW'
Scanning sources...
Finished scanning sources
WARNING: [filemgmt 56-3] Board Part Repository Path: Could not find the directory 'C:/Users/sebas/Desktop/Coding/AppData/Roaming/Xilinx/Vivado/XilinxVivadoÅ8.3dataoardsoard_files'.
INFO: [IP_Flow 19-234] Refreshing IP repositories
INFO: [IP_Flow 19-1704] No user IP repositories specified
INFO: [IP_Flow 19-2313] Loaded Vivado IP repository 'C:/Xilinx/Vivado/2018.3/data/ip'.
WARNING: [IP_Flow 19-3664] IP 'Demo_HW_mig_7series_0_0' generated file not found 'c:/Users/sebas/Desktop/Coding/Git Repos/ECE532/Warmup_Demo_Group_Task/Warmup_Demo_Hardware/HW/HW.srcs/sources_1/bd/Demo_HW/ip/Demo_HW_mig_7series_0_0/Demo_HW_mig_7series_0_0/user_design/rtl/Demo_HW_mig_7series_0_0_mig.v'. Please regenerate to continue.
open_project: Time (s): cpu = 00:00:13 ; elapsed = 00:00:15 . Memory (MB): peak = 1038.496 ; gain = 383.379
update_compile_order -fileset sources_1
launch_runs synth_1 -jobs 8
INFO: [xilinx.com:ip:ila:6.2-6] /ila_0: Xilinx recommends using the System ILA IP in IP Integrator. The System ILA IP is functionally equivalent to an ILA and offers additional benefits in debugging interfaces both within IP Integrator and the Hardware Manager. Consult the Programming and Debug User Guide UG908 for further details.
INFO: [BD 41-1662] The design 'Demo_HW.bd' is already validated. Therefore parameter propagation will not be re-run.
VHDL Output written to : C:/Users/sebas/Desktop/Coding/Git Repos/ECE532/Warmup_Demo_Group_Task/Warmup_Demo_Hardware/HW/HW.srcs/sources_1/bd/Demo_HW/synth/Demo_HW.v
VHDL Output written to : C:/Users/sebas/Desktop/Coding/Git Repos/ECE532/Warmup_Demo_Group_Task/Warmup_Demo_Hardware/HW/HW.srcs/sources_1/bd/Demo_HW/sim/Demo_HW.v
VHDL Output written to : C:/Users/sebas/Desktop/Coding/Git Repos/ECE532/Warmup_Demo_Group_Task/Warmup_Demo_Hardware/HW/HW.srcs/sources_1/bd/Demo_HW/hdl/Demo_HW_wrapper.v
INFO: [BD 41-1029] Generation completed for the IP Integrator block microblaze_0 .
INFO: [BD 41-1029] Generation completed for the IP Integrator block microblaze_0_local_memory/dlmb_v10 .
INFO: [BD 41-1029] Generation completed for the IP Integrator block microblaze_0_local_memory/ilmb_v10 .
INFO: [BD 41-1029] Generation completed for the IP Integrator block microblaze_0_local_memory/dlmb_bram_if_cntlr .
INFO: [BD 41-1029] Generation completed for the IP Integrator block microblaze_0_local_memory/ilmb_bram_if_cntlr .
INFO: [BD 41-1029] Generation completed for the IP Integrator block microblaze_0_local_memory/lmb_bram .
INFO: [BD 41-1029] Generation completed for the IP Integrator block microblaze_0_axi_periph/xbar .
INFO: [BD 41-1029] Generation completed for the IP Integrator block microblaze_0_axi_intc .
INFO: [BD 41-1029] Generation completed for the IP Integrator block microblaze_0_xlconcat .
INFO: [BD 41-1029] Generation completed for the IP Integrator block mdm_1 .
INFO: [BD 41-1029] Generation completed for the IP Integrator block clk_wiz_1 .
INFO: [BD 41-1029] Generation completed for the IP Integrator block rst_clk_wiz_1_100M .
