22:57:48 INFO  : Registering command handlers for SDK TCF services
22:57:49 INFO  : Launching XSCT server: xsct.bat -interactive C:\Users\Callum\Repository_Code\ECE532\Warmup_Demo_Group_Task\Warmup_Demo_Software\temp_xsdb_launch_script.tcl
22:57:51 INFO  : XSCT server has started successfully.
22:57:51 INFO  : Successfully done setting XSCT server connection channel  
22:57:51 INFO  : Successfully done setting SDK workspace  
22:57:51 INFO  : Processing command line option -hwspec C:/Users/Callum/Repository_Code/ECE532/Warmup_Demo_Group_Task/Warmup_Demo_Hardware/Demo_HW_wrapper.hdf.
23:02:33 INFO  : Connected to target on host '127.0.0.1' and port '3121'.
23:02:33 INFO  : 'targets -set -filter {jtag_cable_name =~ "Digilent Nexys4DDR 210292646032A" && level==0} -index 0' command is executed.
23:02:36 INFO  : FPGA configured successfully with bitstream "C:/Users/Callum/Repository_Code/ECE532/Warmup_Demo_Group_Task/Warmup_Demo_Software/Demo_HW_wrapper_hw_platform_0/download.bit"
23:03:13 INFO  : Connected to target on host '127.0.0.1' and port '3121'.
23:03:13 INFO  : Jtag cable 'Digilent Nexys4DDR 210292646032A' is selected.
23:03:13 INFO  : 'jtag frequency' command is executed.
23:03:13 INFO  : 'targets -set -filter {jtag_cable_name =~ "Digilent Nexys4DDR 210292646032A" && level==0} -index 0' command is executed.
23:03:16 INFO  : FPGA configured successfully with bitstream "C:/Users/Callum/Repository_Code/ECE532/Warmup_Demo_Group_Task/Warmup_Demo_Software/Demo_HW_wrapper_hw_platform_0/Demo_HW_wrapper.bit"
23:03:16 INFO  : 'configparams mdm-detect-bscan-mask 2' command is executed.
23:03:16 INFO  : ----------------XSDB Script----------------
connect -url tcp:127.0.0.1:3121
targets -set -filter {jtag_cable_name =~ "Digilent Nexys4DDR 210292646032A" && level==0} -index 0
fpga -file C:/Users/Callum/Repository_Code/ECE532/Warmup_Demo_Group_Task/Warmup_Demo_Software/Demo_HW_wrapper_hw_platform_0/Demo_HW_wrapper.bit
configparams mdm-detect-bscan-mask 2
----------------End of Script----------------

23:03:16 INFO  : Disconnected from the channel tcfchan#1.
23:03:31 INFO  : Connected to target on host '127.0.0.1' and port '3121'.
23:03:31 INFO  : Jtag cable 'Digilent Nexys4DDR 210292646032A' is selected.
23:03:31 INFO  : 'jtag frequency' command is executed.
23:03:31 INFO  : 'targets -set -filter {jtag_cable_name =~ "Digilent Nexys4DDR 210292646032A" && level==0} -index 0' command is executed.
23:03:33 INFO  : FPGA configured successfully with bitstream "C:/Users/Callum/Repository_Code/ECE532/Warmup_Demo_Group_Task/Warmup_Demo_Software/Demo_HW_wrapper_hw_platform_0/Demo_HW_wrapper.bit"
23:03:33 INFO  : 'configparams mdm-detect-bscan-mask 2' command is executed.
23:03:33 INFO  : ----------------XSDB Script----------------
connect -url tcp:127.0.0.1:3121
targets -set -filter {jtag_cable_name =~ "Digilent Nexys4DDR 210292646032A" && level==0} -index 0
fpga -file C:/Users/Callum/Repository_Code/ECE532/Warmup_Demo_Group_Task/Warmup_Demo_Software/Demo_HW_wrapper_hw_platform_0/Demo_HW_wrapper.bit
configparams mdm-detect-bscan-mask 2
----------------End of Script----------------

23:03:33 INFO  : Disconnected from the channel tcfchan#2.
23:03:37 INFO  : Connected to target on host '127.0.0.1' and port '3121'.
23:03:38 INFO  : Jtag cable 'Digilent Nexys4DDR 210292646032A' is selected.
23:03:38 INFO  : 'jtag frequency' command is executed.
23:03:38 INFO  : 'targets -set -filter {jtag_cable_name =~ "Digilent Nexys4DDR 210292646032A" && level==0} -index 0' command is executed.
23:03:40 INFO  : FPGA configured successfully with bitstream "C:/Users/Callum/Repository_Code/ECE532/Warmup_Demo_Group_Task/Warmup_Demo_Software/Demo_HW_wrapper_hw_platform_0/Demo_HW_wrapper.bit"
23:03:40 INFO  : 'configparams mdm-detect-bscan-mask 2' command is executed.
23:03:40 INFO  : ----------------XSDB Script----------------
connect -url tcp:127.0.0.1:3121
targets -set -filter {jtag_cable_name =~ "Digilent Nexys4DDR 210292646032A" && level==0} -index 0
fpga -file C:/Users/Callum/Repository_Code/ECE532/Warmup_Demo_Group_Task/Warmup_Demo_Software/Demo_HW_wrapper_hw_platform_0/Demo_HW_wrapper.bit
configparams mdm-detect-bscan-mask 2
----------------End of Script----------------

23:03:40 INFO  : Disconnected from the channel tcfchan#3.
23:04:12 INFO  : Refreshed build settings on project Warmup_Demo_Software
23:04:33 INFO  : 'targets -set -filter {jtag_cable_name =~ "Digilent Nexys4DDR 210292646032A" && level==0} -index 0' command is executed.
23:04:33 INFO  : 'fpga -state' command is executed.
23:04:33 INFO  : Connected to target on host '127.0.0.1' and port '3121'.
23:04:33 INFO  : Jtag cable 'Digilent Nexys4DDR 210292646032A' is selected.
23:04:33 INFO  : 'jtag frequency' command is executed.
23:04:33 INFO  : 'configparams mdm-detect-bscan-mask 2' command is executed.
23:04:33 INFO  : Context for processor 'microblaze_0' is selected.
23:04:33 INFO  : Processor reset is completed for 'microblaze_0'.
23:04:33 INFO  : Context for processor 'microblaze_0' is selected.
23:04:34 INFO  : The application 'C:/Users/Callum/Repository_Code/ECE532/Warmup_Demo_Group_Task/Warmup_Demo_Software/Warmup_Demo_Software/Debug/Warmup_Demo_Software.elf' is downloaded to processor 'microblaze_0'.
23:04:34 INFO  : ----------------XSDB Script----------------
connect -url tcp:127.0.0.1:3121
configparams mdm-detect-bscan-mask 2
targets -set -nocase -filter {name =~ "microblaze*#0" && bscan=="USER2"  && jtag_cable_name =~ "Digilent Nexys4DDR 210292646032A"} -index 0
rst -processor
targets -set -nocase -filter {name =~ "microblaze*#0" && bscan=="USER2"  && jtag_cable_name =~ "Digilent Nexys4DDR 210292646032A"} -index 0
dow C:/Users/Callum/Repository_Code/ECE532/Warmup_Demo_Group_Task/Warmup_Demo_Software/Warmup_Demo_Software/Debug/Warmup_Demo_Software.elf
----------------End of Script----------------

23:04:34 INFO  : Context for processor 'microblaze_0' is selected.
23:04:34 INFO  : 'con' command is executed.
23:04:34 INFO  : ----------------XSDB Script (After Launch)----------------
targets -set -nocase -filter {name =~ "microblaze*#0" && bscan=="USER2"  && jtag_cable_name =~ "Digilent Nexys4DDR 210292646032A"} -index 0
con
----------------End of Script----------------

23:04:34 INFO  : Disconnected from the channel tcfchan#4.
23:05:32 INFO  : 'targets -set -filter {jtag_cable_name =~ "Digilent Nexys4DDR 210292646032A" && level==0} -index 0' command is executed.
23:05:32 INFO  : 'fpga -state' command is executed.
23:05:32 INFO  : Connected to target on host '127.0.0.1' and port '3121'.
23:05:32 INFO  : Jtag cable 'Digilent Nexys4DDR 210292646032A' is selected.
23:05:32 INFO  : 'jtag frequency' command is executed.
23:05:32 INFO  : 'configparams mdm-detect-bscan-mask 2' command is executed.
23:05:32 INFO  : Context for processor 'microblaze_0' is selected.
23:05:32 INFO  : Processor reset is completed for 'microblaze_0'.
23:05:32 INFO  : Context for processor 'microblaze_0' is selected.
23:05:33 INFO  : The application 'C:/Users/Callum/Repository_Code/ECE532/Warmup_Demo_Group_Task/Warmup_Demo_Software/Warmup_Demo_Software/Debug/Warmup_Demo_Software.elf' is downloaded to processor 'microblaze_0'.
23:05:33 INFO  : ----------------XSDB Script----------------
connect -url tcp:127.0.0.1:3121
configparams mdm-detect-bscan-mask 2
targets -set -nocase -filter {name =~ "microblaze*#0" && bscan=="USER2"  && jtag_cable_name =~ "Digilent Nexys4DDR 210292646032A"} -index 0
rst -processor
targets -set -nocase -filter {name =~ "microblaze*#0" && bscan=="USER2"  && jtag_cable_name =~ "Digilent Nexys4DDR 210292646032A"} -index 0
dow C:/Users/Callum/Repository_Code/ECE532/Warmup_Demo_Group_Task/Warmup_Demo_Software/Warmup_Demo_Software/Debug/Warmup_Demo_Software.elf
----------------End of Script----------------

23:05:33 INFO  : Context for processor 'microblaze_0' is selected.
23:05:33 INFO  : 'con' command is executed.
23:05:33 INFO  : ----------------XSDB Script (After Launch)----------------
targets -set -nocase -filter {name =~ "microblaze*#0" && bscan=="USER2"  && jtag_cable_name =~ "Digilent Nexys4DDR 210292646032A"} -index 0
con
----------------End of Script----------------

23:05:33 INFO  : Disconnected from the channel tcfchan#5.
23:06:09 INFO  : Connected to target on host '127.0.0.1' and port '3121'.
23:06:09 INFO  : 'targets -set -filter {jtag_cable_name =~ "Digilent Nexys4DDR 210292646032A" && level==0} -index 0' command is executed.
23:06:11 INFO  : FPGA configured successfully with bitstream "C:/Users/Callum/Repository_Code/ECE532/Warmup_Demo_Group_Task/Warmup_Demo_Software/Demo_HW_wrapper_hw_platform_0/download.bit"
23:06:20 INFO  : 'targets -set -filter {jtag_cable_name =~ "Digilent Nexys4DDR 210292646032A" && level==0} -index 0' command is executed.
23:06:20 INFO  : 'fpga -state' command is executed.
23:06:20 INFO  : Connected to target on host '127.0.0.1' and port '3121'.
23:06:20 INFO  : Jtag cable 'Digilent Nexys4DDR 210292646032A' is selected.
23:06:20 INFO  : 'jtag frequency' command is executed.
23:06:20 INFO  : 'configparams mdm-detect-bscan-mask 2' command is executed.
23:06:20 INFO  : Context for processor 'microblaze_0' is selected.
23:06:20 INFO  : Processor reset is completed for 'microblaze_0'.
23:06:20 INFO  : Context for processor 'microblaze_0' is selected.
23:06:21 INFO  : The application 'C:/Users/Callum/Repository_Code/ECE532/Warmup_Demo_Group_Task/Warmup_Demo_Software/Warmup_Demo_Software/Debug/Warmup_Demo_Software.elf' is downloaded to processor 'microblaze_0'.
23:06:21 INFO  : ----------------XSDB Script----------------
connect -url tcp:127.0.0.1:3121
configparams mdm-detect-bscan-mask 2
targets -set -nocase -filter {name =~ "microblaze*#0" && bscan=="USER2"  && jtag_cable_name =~ "Digilent Nexys4DDR 210292646032A"} -index 0
rst -processor
targets -set -nocase -filter {name =~ "microblaze*#0" && bscan=="USER2"  && jtag_cable_name =~ "Digilent Nexys4DDR 210292646032A"} -index 0
dow C:/Users/Callum/Repository_Code/ECE532/Warmup_Demo_Group_Task/Warmup_Demo_Software/Warmup_Demo_Software/Debug/Warmup_Demo_Software.elf
----------------End of Script----------------

23:06:21 INFO  : Context for processor 'microblaze_0' is selected.
23:06:21 INFO  : 'con' command is executed.
23:06:21 INFO  : ----------------XSDB Script (After Launch)----------------
targets -set -nocase -filter {name =~ "microblaze*#0" && bscan=="USER2"  && jtag_cable_name =~ "Digilent Nexys4DDR 210292646032A"} -index 0
con
----------------End of Script----------------

23:06:21 INFO  : Disconnected from the channel tcfchan#6.
23:06:42 INFO  : Connected to target on host '127.0.0.1' and port '3121'.
23:06:42 INFO  : Jtag cable 'Digilent Nexys4DDR 210292646032A' is selected.
23:06:42 INFO  : 'jtag frequency' command is executed.
23:06:42 INFO  : 'targets -set -filter {jtag_cable_name =~ "Digilent Nexys4DDR 210292646032A" && level==0} -index 0' command is executed.
23:06:45 INFO  : FPGA configured successfully with bitstream "C:/Users/Callum/Repository_Code/ECE532/Warmup_Demo_Group_Task/Warmup_Demo_Software/Demo_HW_wrapper_hw_platform_0/Demo_HW_wrapper.bit"
23:06:45 INFO  : 'configparams mdm-detect-bscan-mask 2' command is executed.
23:06:45 INFO  : Context for processor 'microblaze_0' is selected.
23:06:45 INFO  : Processor reset is completed for 'microblaze_0'.
23:06:45 INFO  : Context for processor 'microblaze_0' is selected.
23:06:45 INFO  : The application 'C:/Users/Callum/Repository_Code/ECE532/Warmup_Demo_Group_Task/Warmup_Demo_Software/Warmup_Demo_Software/Debug/Warmup_Demo_Software.elf' is downloaded to processor 'microblaze_0'.
23:06:45 INFO  : ----------------XSDB Script----------------
connect -url tcp:127.0.0.1:3121
targets -set -filter {jtag_cable_name =~ "Digilent Nexys4DDR 210292646032A" && level==0} -index 0
fpga -file C:/Users/Callum/Repository_Code/ECE532/Warmup_Demo_Group_Task/Warmup_Demo_Software/Demo_HW_wrapper_hw_platform_0/Demo_HW_wrapper.bit
configparams mdm-detect-bscan-mask 2
targets -set -nocase -filter {name =~ "microblaze*#0" && bscan=="USER2"  && jtag_cable_name =~ "Digilent Nexys4DDR 210292646032A"} -index 0
rst -processor
targets -set -nocase -filter {name =~ "microblaze*#0" && bscan=="USER2"  && jtag_cable_name =~ "Digilent Nexys4DDR 210292646032A"} -index 0
dow C:/Users/Callum/Repository_Code/ECE532/Warmup_Demo_Group_Task/Warmup_Demo_Software/Warmup_Demo_Software/Debug/Warmup_Demo_Software.elf
----------------End of Script----------------

23:06:46 INFO  : Context for processor 'microblaze_0' is selected.
23:06:46 INFO  : 'con' command is executed.
23:06:46 INFO  : ----------------XSDB Script (After Launch)----------------
targets -set -nocase -filter {name =~ "microblaze*#0" && bscan=="USER2"  && jtag_cable_name =~ "Digilent Nexys4DDR 210292646032A"} -index 0
con
----------------End of Script----------------

23:06:46 INFO  : Disconnected from the channel tcfchan#7.
23:06:47 INFO  : Connected to target on host '127.0.0.1' and port '3121'.
23:06:47 INFO  : Jtag cable 'Digilent Nexys4DDR 210292646032A' is selected.
23:06:47 INFO  : 'jtag frequency' command is executed.
23:06:47 INFO  : 'targets -set -filter {jtag_cable_name =~ "Digilent Nexys4DDR 210292646032A" && level==0} -index 0' command is executed.
23:06:49 INFO  : FPGA configured successfully with bitstream "C:/Users/Callum/Repository_Code/ECE532/Warmup_Demo_Group_Task/Warmup_Demo_Software/Demo_HW_wrapper_hw_platform_0/Demo_HW_wrapper.bit"
23:06:49 INFO  : 'configparams mdm-detect-bscan-mask 2' command is executed.
23:06:49 INFO  : Context for processor 'microblaze_0' is selected.
23:06:49 INFO  : Processor reset is completed for 'microblaze_0'.
23:06:49 INFO  : Context for processor 'microblaze_0' is selected.
23:06:50 INFO  : The application 'C:/Users/Callum/Repository_Code/ECE532/Warmup_Demo_Group_Task/Warmup_Demo_Software/Warmup_Demo_Software/Debug/Warmup_Demo_Software.elf' is downloaded to processor 'microblaze_0'.
23:06:50 INFO  : ----------------XSDB Script----------------
connect -url tcp:127.0.0.1:3121
targets -set -filter {jtag_cable_name =~ "Digilent Nexys4DDR 210292646032A" && level==0} -index 0
fpga -file C:/Users/Callum/Repository_Code/ECE532/Warmup_Demo_Group_Task/Warmup_Demo_Software/Demo_HW_wrapper_hw_platform_0/Demo_HW_wrapper.bit
configparams mdm-detect-bscan-mask 2
targets -set -nocase -filter {name =~ "microblaze*#0" && bscan=="USER2"  && jtag_cable_name =~ "Digilent Nexys4DDR 210292646032A"} -index 0
rst -processor
targets -set -nocase -filter {name =~ "microblaze*#0" && bscan=="USER2"  && jtag_cable_name =~ "Digilent Nexys4DDR 210292646032A"} -index 0
dow C:/Users/Callum/Repository_Code/ECE532/Warmup_Demo_Group_Task/Warmup_Demo_Software/Warmup_Demo_Software/Debug/Warmup_Demo_Software.elf
----------------End of Script----------------

23:06:50 INFO  : Context for processor 'microblaze_0' is selected.
23:06:50 INFO  : 'con' command is executed.
23:06:50 INFO  : ----------------XSDB Script (After Launch)----------------
targets -set -nocase -filter {name =~ "microblaze*#0" && bscan=="USER2"  && jtag_cable_name =~ "Digilent Nexys4DDR 210292646032A"} -index 0
con
----------------End of Script----------------

23:06:50 INFO  : Disconnected from the channel tcfchan#8.
23:11:32 INFO  : Connected to target on host '127.0.0.1' and port '3121'.
23:11:33 INFO  : 'targets -set -filter {jtag_cable_name =~ "Digilent Nexys4DDR 210292646032A" && level==0} -index 0' command is executed.
23:11:35 INFO  : FPGA configured successfully with bitstream "C:/Users/Callum/Repository_Code/ECE532/Warmup_Demo_Group_Task/Warmup_Demo_Software/Demo_HW_wrapper_hw_platform_0/download.bit"
23:11:55 INFO  : Connected to target on host '127.0.0.1' and port '3121'.
23:11:56 INFO  : Jtag cable 'Digilent Nexys4DDR 210292646032A' is selected.
23:11:56 INFO  : 'jtag frequency' command is executed.
23:11:56 INFO  : 'targets -set -filter {jtag_cable_name =~ "Digilent Nexys4DDR 210292646032A" && level==0} -index 0' command is executed.
23:11:58 INFO  : FPGA configured successfully with bitstream "C:/Users/Callum/Repository_Code/ECE532/Warmup_Demo_Group_Task/Warmup_Demo_Software/Demo_HW_wrapper_hw_platform_0/Demo_HW_wrapper.bit"
23:11:58 INFO  : 'configparams mdm-detect-bscan-mask 2' command is executed.
23:11:58 INFO  : Context for processor 'microblaze_0' is selected.
23:11:58 INFO  : Processor reset is completed for 'microblaze_0'.
23:11:58 INFO  : Context for processor 'microblaze_0' is selected.
23:11:58 INFO  : The application 'C:/Users/Callum/Repository_Code/ECE532/Warmup_Demo_Group_Task/Warmup_Demo_Software/Warmup_Demo_Software/Debug/Warmup_Demo_Software.elf' is downloaded to processor 'microblaze_0'.
23:11:58 INFO  : ----------------XSDB Script----------------
connect -url tcp:127.0.0.1:3121
targets -set -filter {jtag_cable_name =~ "Digilent Nexys4DDR 210292646032A" && level==0} -index 0
fpga -file C:/Users/Callum/Repository_Code/ECE532/Warmup_Demo_Group_Task/Warmup_Demo_Software/Demo_HW_wrapper_hw_platform_0/Demo_HW_wrapper.bit
configparams mdm-detect-bscan-mask 2
targets -set -nocase -filter {name =~ "microblaze*#0" && bscan=="USER2"  && jtag_cable_name =~ "Digilent Nexys4DDR 210292646032A"} -index 0
rst -processor
targets -set -nocase -filter {name =~ "microblaze*#0" && bscan=="USER2"  && jtag_cable_name =~ "Digilent Nexys4DDR 210292646032A"} -index 0
dow C:/Users/Callum/Repository_Code/ECE532/Warmup_Demo_Group_Task/Warmup_Demo_Software/Warmup_Demo_Software/Debug/Warmup_Demo_Software.elf
----------------End of Script----------------

23:11:58 INFO  : Context for processor 'microblaze_0' is selected.
23:11:58 INFO  : 'con' command is executed.
23:11:58 INFO  : ----------------XSDB Script (After Launch)----------------
targets -set -nocase -filter {name =~ "microblaze*#0" && bscan=="USER2"  && jtag_cable_name =~ "Digilent Nexys4DDR 210292646032A"} -index 0
con
----------------End of Script----------------

23:11:58 INFO  : Disconnected from the channel tcfchan#9.
23:12:58 INFO  : Connected to target on host '127.0.0.1' and port '3121'.
23:12:58 INFO  : Jtag cable 'Digilent Nexys4DDR 210292646032A' is selected.
23:12:58 INFO  : 'jtag frequency' command is executed.
23:12:58 INFO  : 'targets -set -filter {jtag_cable_name =~ "Digilent Nexys4DDR 210292646032A" && level==0} -index 0' command is executed.
23:13:00 INFO  : FPGA configured successfully with bitstream "C:/Users/Callum/Repository_Code/ECE532/Warmup_Demo_Group_Task/Warmup_Demo_Software/Demo_HW_wrapper_hw_platform_0/Demo_HW_wrapper.bit"
23:13:00 INFO  : 'configparams mdm-detect-bscan-mask 2' command is executed.
23:13:00 INFO  : Context for processor 'microblaze_0' is selected.
23:13:00 INFO  : Processor reset is completed for 'microblaze_0'.
23:13:00 INFO  : Context for processor 'microblaze_0' is selected.
23:13:01 INFO  : The application 'C:/Users/Callum/Repository_Code/ECE532/Warmup_Demo_Group_Task/Warmup_Demo_Software/Warmup_Demo_Software/Debug/Warmup_Demo_Software.elf' is downloaded to processor 'microblaze_0'.
23:13:01 INFO  : ----------------XSDB Script----------------
connect -url tcp:127.0.0.1:3121
targets -set -filter {jtag_cable_name =~ "Digilent Nexys4DDR 210292646032A" && level==0} -index 0
fpga -file C:/Users/Callum/Repository_Code/ECE532/Warmup_Demo_Group_Task/Warmup_Demo_Software/Demo_HW_wrapper_hw_platform_0/Demo_HW_wrapper.bit
configparams mdm-detect-bscan-mask 2
targets -set -nocase -filter {name =~ "microblaze*#0" && bscan=="USER2"  && jtag_cable_name =~ "Digilent Nexys4DDR 210292646032A"} -index 0
rst -processor
targets -set -nocase -filter {name =~ "microblaze*#0" && bscan=="USER2"  && jtag_cable_name =~ "Digilent Nexys4DDR 210292646032A"} -index 0
dow C:/Users/Callum/Repository_Code/ECE532/Warmup_Demo_Group_Task/Warmup_Demo_Software/Warmup_Demo_Software/Debug/Warmup_Demo_Software.elf
----------------End of Script----------------

23:13:01 INFO  : Context for processor 'microblaze_0' is selected.
23:13:01 INFO  : 'con' command is executed.
23:13:01 INFO  : ----------------XSDB Script (After Launch)----------------
targets -set -nocase -filter {name =~ "microblaze*#0" && bscan=="USER2"  && jtag_cable_name =~ "Digilent Nexys4DDR 210292646032A"} -index 0
con
----------------End of Script----------------

23:13:01 INFO  : Disconnected from the channel tcfchan#10.
23:14:47 INFO  : Connected to target on host '127.0.0.1' and port '3121'.
23:14:48 INFO  : Jtag cable 'Digilent Nexys4DDR 210292646032A' is selected.
23:14:48 INFO  : 'jtag frequency' command is executed.
23:14:48 INFO  : 'targets -set -filter {jtag_cable_name =~ "Digilent Nexys4DDR 210292646032A" && level==0} -index 0' command is executed.
23:14:50 INFO  : FPGA configured successfully with bitstream "C:/Users/Callum/Repository_Code/ECE532/Warmup_Demo_Group_Task/Warmup_Demo_Software/Demo_HW_wrapper_hw_platform_0/Demo_HW_wrapper.bit"
23:14:50 INFO  : 'configparams mdm-detect-bscan-mask 2' command is executed.
23:14:50 INFO  : Context for processor 'microblaze_0' is selected.
23:14:50 INFO  : Processor reset is completed for 'microblaze_0'.
23:14:50 INFO  : Context for processor 'microblaze_0' is selected.
23:14:51 INFO  : The application 'C:/Users/Callum/Repository_Code/ECE532/Warmup_Demo_Group_Task/Warmup_Demo_Software/Warmup_Demo_Software/Debug/Warmup_Demo_Software.elf' is downloaded to processor 'microblaze_0'.
23:14:51 INFO  : ----------------XSDB Script----------------
connect -url tcp:127.0.0.1:3121
targets -set -filter {jtag_cable_name =~ "Digilent Nexys4DDR 210292646032A" && level==0} -index 0
fpga -file C:/Users/Callum/Repository_Code/ECE532/Warmup_Demo_Group_Task/Warmup_Demo_Software/Demo_HW_wrapper_hw_platform_0/Demo_HW_wrapper.bit
configparams mdm-detect-bscan-mask 2
targets -set -nocase -filter {name =~ "microblaze*#0" && bscan=="USER2"  && jtag_cable_name =~ "Digilent Nexys4DDR 210292646032A"} -index 0
rst -processor
targets -set -nocase -filter {name =~ "microblaze*#0" && bscan=="USER2"  && jtag_cable_name =~ "Digilent Nexys4DDR 210292646032A"} -index 0
dow C:/Users/Callum/Repository_Code/ECE532/Warmup_Demo_Group_Task/Warmup_Demo_Software/Warmup_Demo_Software/Debug/Warmup_Demo_Software.elf
----------------End of Script----------------

23:14:51 INFO  : Context for processor 'microblaze_0' is selected.
23:14:51 INFO  : 'con' command is executed.
23:14:51 INFO  : ----------------XSDB Script (After Launch)----------------
targets -set -nocase -filter {name =~ "microblaze*#0" && bscan=="USER2"  && jtag_cable_name =~ "Digilent Nexys4DDR 210292646032A"} -index 0
con
----------------End of Script----------------

23:14:51 INFO  : Disconnected from the channel tcfchan#11.
23:15:41 INFO  : Connected to target on host '127.0.0.1' and port '3121'.
23:15:41 INFO  : Jtag cable 'Digilent Nexys4DDR 210292646032A' is selected.
23:15:41 INFO  : 'jtag frequency' command is executed.
23:15:41 INFO  : 'targets -set -filter {jtag_cable_name =~ "Digilent Nexys4DDR 210292646032A" && level==0} -index 0' command is executed.
23:15:43 INFO  : FPGA configured successfully with bitstream "C:/Users/Callum/Repository_Code/ECE532/Warmup_Demo_Group_Task/Warmup_Demo_Software/Demo_HW_wrapper_hw_platform_0/Demo_HW_wrapper.bit"
23:15:44 INFO  : 'configparams mdm-detect-bscan-mask 2' command is executed.
23:15:44 INFO  : Context for processor 'microblaze_0' is selected.
23:15:44 INFO  : Processor reset is completed for 'microblaze_0'.
23:15:44 INFO  : Context for processor 'microblaze_0' is selected.
23:15:44 INFO  : The application 'C:/Users/Callum/Repository_Code/ECE532/Warmup_Demo_Group_Task/Warmup_Demo_Software/Warmup_Demo_Software/Debug/Warmup_Demo_Software.elf' is downloaded to processor 'microblaze_0'.
23:15:44 INFO  : ----------------XSDB Script----------------
connect -url tcp:127.0.0.1:3121
targets -set -filter {jtag_cable_name =~ "Digilent Nexys4DDR 210292646032A" && level==0} -index 0
fpga -file C:/Users/Callum/Repository_Code/ECE532/Warmup_Demo_Group_Task/Warmup_Demo_Software/Demo_HW_wrapper_hw_platform_0/Demo_HW_wrapper.bit
configparams mdm-detect-bscan-mask 2
targets -set -nocase -filter {name =~ "microblaze*#0" && bscan=="USER2"  && jtag_cable_name =~ "Digilent Nexys4DDR 210292646032A"} -index 0
rst -processor
targets -set -nocase -filter {name =~ "microblaze*#0" && bscan=="USER2"  && jtag_cable_name =~ "Digilent Nexys4DDR 210292646032A"} -index 0
dow C:/Users/Callum/Repository_Code/ECE532/Warmup_Demo_Group_Task/Warmup_Demo_Software/Warmup_Demo_Software/Debug/Warmup_Demo_Software.elf
----------------End of Script----------------

23:15:44 INFO  : Context for processor 'microblaze_0' is selected.
23:15:44 INFO  : 'con' command is executed.
23:15:44 INFO  : ----------------XSDB Script (After Launch)----------------
targets -set -nocase -filter {name =~ "microblaze*#0" && bscan=="USER2"  && jtag_cable_name =~ "Digilent Nexys4DDR 210292646032A"} -index 0
con
----------------End of Script----------------

23:15:44 INFO  : Disconnected from the channel tcfchan#12.
23:16:04 INFO  : Connected to target on host '127.0.0.1' and port '3121'.
23:16:04 INFO  : Jtag cable 'Digilent Nexys4DDR 210292646032A' is selected.
23:16:04 INFO  : 'jtag frequency' command is executed.
23:16:04 INFO  : 'targets -set -filter {jtag_cable_name =~ "Digilent Nexys4DDR 210292646032A" && level==0} -index 0' command is executed.
23:16:07 INFO  : FPGA configured successfully with bitstream "C:/Users/Callum/Repository_Code/ECE532/Warmup_Demo_Group_Task/Warmup_Demo_Software/Demo_HW_wrapper_hw_platform_0/Demo_HW_wrapper.bit"
23:16:07 INFO  : 'configparams mdm-detect-bscan-mask 2' command is executed.
23:16:07 INFO  : Context for processor 'microblaze_0' is selected.
23:16:07 INFO  : Processor reset is completed for 'microblaze_0'.
23:16:07 INFO  : Context for processor 'microblaze_0' is selected.
23:16:07 INFO  : The application 'C:/Users/Callum/Repository_Code/ECE532/Warmup_Demo_Group_Task/Warmup_Demo_Software/Warmup_Demo_Software/Debug/Warmup_Demo_Software.elf' is downloaded to processor 'microblaze_0'.
23:16:07 INFO  : ----------------XSDB Script----------------
connect -url tcp:127.0.0.1:3121
targets -set -filter {jtag_cable_name =~ "Digilent Nexys4DDR 210292646032A" && level==0} -index 0
fpga -file C:/Users/Callum/Repository_Code/ECE532/Warmup_Demo_Group_Task/Warmup_Demo_Software/Demo_HW_wrapper_hw_platform_0/Demo_HW_wrapper.bit
configparams mdm-detect-bscan-mask 2
targets -set -nocase -filter {name =~ "microblaze*#0" && bscan=="USER2"  && jtag_cable_name =~ "Digilent Nexys4DDR 210292646032A"} -index 0
rst -processor
targets -set -nocase -filter {name =~ "microblaze*#0" && bscan=="USER2"  && jtag_cable_name =~ "Digilent Nexys4DDR 210292646032A"} -index 0
dow C:/Users/Callum/Repository_Code/ECE532/Warmup_Demo_Group_Task/Warmup_Demo_Software/Warmup_Demo_Software/Debug/Warmup_Demo_Software.elf
----------------End of Script----------------

23:16:07 INFO  : Context for processor 'microblaze_0' is selected.
23:16:07 INFO  : 'con' command is executed.
23:16:07 INFO  : ----------------XSDB Script (After Launch)----------------
targets -set -nocase -filter {name =~ "microblaze*#0" && bscan=="USER2"  && jtag_cable_name =~ "Digilent Nexys4DDR 210292646032A"} -index 0
con
----------------End of Script----------------

23:16:07 INFO  : Disconnected from the channel tcfchan#13.
23:16:28 INFO  : Connected to target on host '127.0.0.1' and port '3121'.
23:16:28 INFO  : Jtag cable 'Digilent Nexys4DDR 210292646032A' is selected.
23:16:28 INFO  : 'jtag frequency' command is executed.
23:16:29 INFO  : 'targets -set -filter {jtag_cable_name =~ "Digilent Nexys4DDR 210292646032A" && level==0} -index 0' command is executed.
23:16:31 INFO  : FPGA configured successfully with bitstream "C:/Users/Callum/Repository_Code/ECE532/Warmup_Demo_Group_Task/Warmup_Demo_Software/Demo_HW_wrapper_hw_platform_0/Demo_HW_wrapper.bit"
23:16:31 INFO  : 'configparams mdm-detect-bscan-mask 2' command is executed.
23:16:31 INFO  : Context for processor 'microblaze_0' is selected.
23:16:31 INFO  : Processor reset is completed for 'microblaze_0'.
23:16:31 INFO  : Context for processor 'microblaze_0' is selected.
23:16:31 INFO  : The application 'C:/Users/Callum/Repository_Code/ECE532/Warmup_Demo_Group_Task/Warmup_Demo_Software/Warmup_Demo_Software/Debug/Warmup_Demo_Software.elf' is downloaded to processor 'microblaze_0'.
23:16:31 INFO  : ----------------XSDB Script----------------
connect -url tcp:127.0.0.1:3121
targets -set -filter {jtag_cable_name =~ "Digilent Nexys4DDR 210292646032A" && level==0} -index 0
fpga -file C:/Users/Callum/Repository_Code/ECE532/Warmup_Demo_Group_Task/Warmup_Demo_Software/Demo_HW_wrapper_hw_platform_0/Demo_HW_wrapper.bit
configparams mdm-detect-bscan-mask 2
targets -set -nocase -filter {name =~ "microblaze*#0" && bscan=="USER2"  && jtag_cable_name =~ "Digilent Nexys4DDR 210292646032A"} -index 0
rst -processor
targets -set -nocase -filter {name =~ "microblaze*#0" && bscan=="USER2"  && jtag_cable_name =~ "Digilent Nexys4DDR 210292646032A"} -index 0
dow C:/Users/Callum/Repository_Code/ECE532/Warmup_Demo_Group_Task/Warmup_Demo_Software/Warmup_Demo_Software/Debug/Warmup_Demo_Software.elf
----------------End of Script----------------

23:16:31 INFO  : Context for processor 'microblaze_0' is selected.
23:16:31 INFO  : 'con' command is executed.
23:16:31 INFO  : ----------------XSDB Script (After Launch)----------------
targets -set -nocase -filter {name =~ "microblaze*#0" && bscan=="USER2"  && jtag_cable_name =~ "Digilent Nexys4DDR 210292646032A"} -index 0
con
----------------End of Script----------------

23:16:32 INFO  : Disconnected from the channel tcfchan#14.
23:17:34 INFO  : Connected to target on host '127.0.0.1' and port '3121'.
23:17:34 INFO  : Jtag cable 'Digilent Nexys4DDR 210292646032A' is selected.
23:17:34 INFO  : 'jtag frequency' command is executed.
23:17:34 INFO  : 'targets -set -filter {jtag_cable_name =~ "Digilent Nexys4DDR 210292646032A" && level==0} -index 0' command is executed.
23:17:36 INFO  : FPGA configured successfully with bitstream "C:/Users/Callum/Repository_Code/ECE532/Warmup_Demo_Group_Task/Warmup_Demo_Software/Demo_HW_wrapper_hw_platform_0/Demo_HW_wrapper.bit"
23:17:36 INFO  : 'configparams mdm-detect-bscan-mask 2' command is executed.
23:17:37 INFO  : Context for processor 'microblaze_0' is selected.
23:17:37 INFO  : Processor reset is completed for 'microblaze_0'.
23:17:37 INFO  : Context for processor 'microblaze_0' is selected.
23:17:37 INFO  : The application 'C:/Users/Callum/Repository_Code/ECE532/Warmup_Demo_Group_Task/Warmup_Demo_Software/Warmup_Demo_Software/Debug/Warmup_Demo_Software.elf' is downloaded to processor 'microblaze_0'.
23:17:37 INFO  : ----------------XSDB Script----------------
connect -url tcp:127.0.0.1:3121
targets -set -filter {jtag_cable_name =~ "Digilent Nexys4DDR 210292646032A" && level==0} -index 0
fpga -file C:/Users/Callum/Repository_Code/ECE532/Warmup_Demo_Group_Task/Warmup_Demo_Software/Demo_HW_wrapper_hw_platform_0/Demo_HW_wrapper.bit
configparams mdm-detect-bscan-mask 2
targets -set -nocase -filter {name =~ "microblaze*#0" && bscan=="USER2"  && jtag_cable_name =~ "Digilent Nexys4DDR 210292646032A"} -index 0
rst -processor
targets -set -nocase -filter {name =~ "microblaze*#0" && bscan=="USER2"  && jtag_cable_name =~ "Digilent Nexys4DDR 210292646032A"} -index 0
dow C:/Users/Callum/Repository_Code/ECE532/Warmup_Demo_Group_Task/Warmup_Demo_Software/Warmup_Demo_Software/Debug/Warmup_Demo_Software.elf
----------------End of Script----------------

23:17:37 INFO  : Context for processor 'microblaze_0' is selected.
23:17:37 INFO  : 'con' command is executed.
23:17:37 INFO  : ----------------XSDB Script (After Launch)----------------
targets -set -nocase -filter {name =~ "microblaze*#0" && bscan=="USER2"  && jtag_cable_name =~ "Digilent Nexys4DDR 210292646032A"} -index 0
con
----------------End of Script----------------

23:17:37 INFO  : Disconnected from the channel tcfchan#15.
23:19:06 INFO  : Connected to target on host '127.0.0.1' and port '3121'.
23:19:07 INFO  : Jtag cable 'Digilent Nexys4DDR 210292646032A' is selected.
23:19:07 INFO  : 'jtag frequency' command is executed.
23:19:07 INFO  : 'targets -set -filter {jtag_cable_name =~ "Digilent Nexys4DDR 210292646032A" && level==0} -index 0' command is executed.
23:19:09 INFO  : FPGA configured successfully with bitstream "C:/Users/Callum/Repository_Code/ECE532/Warmup_Demo_Group_Task/Warmup_Demo_Software/Demo_HW_wrapper_hw_platform_0/Demo_HW_wrapper.bit"
23:19:09 INFO  : 'configparams mdm-detect-bscan-mask 2' command is executed.
23:19:09 INFO  : Context for processor 'microblaze_0' is selected.
23:19:09 INFO  : Processor reset is completed for 'microblaze_0'.
23:19:09 INFO  : Context for processor 'microblaze_0' is selected.
23:19:10 INFO  : The application 'C:/Users/Callum/Repository_Code/ECE532/Warmup_Demo_Group_Task/Warmup_Demo_Software/Warmup_Demo_Software/Debug/Warmup_Demo_Software.elf' is downloaded to processor 'microblaze_0'.
23:19:10 INFO  : ----------------XSDB Script----------------
connect -url tcp:127.0.0.1:3121
targets -set -filter {jtag_cable_name =~ "Digilent Nexys4DDR 210292646032A" && level==0} -index 0
fpga -file C:/Users/Callum/Repository_Code/ECE532/Warmup_Demo_Group_Task/Warmup_Demo_Software/Demo_HW_wrapper_hw_platform_0/Demo_HW_wrapper.bit
configparams mdm-detect-bscan-mask 2
targets -set -nocase -filter {name =~ "microblaze*#0" && bscan=="USER2"  && jtag_cable_name =~ "Digilent Nexys4DDR 210292646032A"} -index 0
rst -processor
targets -set -nocase -filter {name =~ "microblaze*#0" && bscan=="USER2"  && jtag_cable_name =~ "Digilent Nexys4DDR 210292646032A"} -index 0
dow C:/Users/Callum/Repository_Code/ECE532/Warmup_Demo_Group_Task/Warmup_Demo_Software/Warmup_Demo_Software/Debug/Warmup_Demo_Software.elf
----------------End of Script----------------

23:19:10 INFO  : Context for processor 'microblaze_0' is selected.
23:19:10 INFO  : 'con' command is executed.
23:19:10 INFO  : ----------------XSDB Script (After Launch)----------------
targets -set -nocase -filter {name =~ "microblaze*#0" && bscan=="USER2"  && jtag_cable_name =~ "Digilent Nexys4DDR 210292646032A"} -index 0
con
----------------End of Script----------------

23:19:10 INFO  : Disconnected from the channel tcfchan#16.
23:20:18 INFO  : Connected to target on host '127.0.0.1' and port '3121'.
23:20:19 INFO  : Jtag cable 'Digilent Nexys4DDR 210292646032A' is selected.
23:20:19 INFO  : 'jtag frequency' command is executed.
23:20:19 INFO  : 'targets -set -filter {jtag_cable_name =~ "Digilent Nexys4DDR 210292646032A" && level==0} -index 0' command is executed.
23:20:21 INFO  : FPGA configured successfully with bitstream "C:/Users/Callum/Repository_Code/ECE532/Warmup_Demo_Group_Task/Warmup_Demo_Software/Demo_HW_wrapper_hw_platform_0/Demo_HW_wrapper.bit"
23:20:21 INFO  : 'configparams mdm-detect-bscan-mask 2' command is executed.
23:20:21 INFO  : Context for processor 'microblaze_0' is selected.
23:20:21 INFO  : Processor reset is completed for 'microblaze_0'.
23:20:21 INFO  : Context for processor 'microblaze_0' is selected.
23:20:21 INFO  : The application 'C:/Users/Callum/Repository_Code/ECE532/Warmup_Demo_Group_Task/Warmup_Demo_Software/Warmup_Demo_Software/Debug/Warmup_Demo_Software.elf' is downloaded to processor 'microblaze_0'.
23:20:21 INFO  : ----------------XSDB Script----------------
connect -url tcp:127.0.0.1:3121
targets -set -filter {jtag_cable_name =~ "Digilent Nexys4DDR 210292646032A" && level==0} -index 0
fpga -file C:/Users/Callum/Repository_Code/ECE532/Warmup_Demo_Group_Task/Warmup_Demo_Software/Demo_HW_wrapper_hw_platform_0/Demo_HW_wrapper.bit
configparams mdm-detect-bscan-mask 2
targets -set -nocase -filter {name =~ "microblaze*#0" && bscan=="USER2"  && jtag_cable_name =~ "Digilent Nexys4DDR 210292646032A"} -index 0
rst -processor
targets -set -nocase -filter {name =~ "microblaze*#0" && bscan=="USER2"  && jtag_cable_name =~ "Digilent Nexys4DDR 210292646032A"} -index 0
dow C:/Users/Callum/Repository_Code/ECE532/Warmup_Demo_Group_Task/Warmup_Demo_Software/Warmup_Demo_Software/Debug/Warmup_Demo_Software.elf
----------------End of Script----------------

23:20:22 INFO  : Context for processor 'microblaze_0' is selected.
23:20:22 INFO  : 'con' command is executed.
23:20:22 INFO  : ----------------XSDB Script (After Launch)----------------
targets -set -nocase -filter {name =~ "microblaze*#0" && bscan=="USER2"  && jtag_cable_name =~ "Digilent Nexys4DDR 210292646032A"} -index 0
con
----------------End of Script----------------

23:20:22 INFO  : Disconnected from the channel tcfchan#17.
23:20:45 INFO  : Connected to target on host '127.0.0.1' and port '3121'.
23:20:45 INFO  : Jtag cable 'Digilent Nexys4DDR 210292646032A' is selected.
23:20:45 INFO  : 'jtag frequency' command is executed.
23:20:45 INFO  : 'targets -set -filter {jtag_cable_name =~ "Digilent Nexys4DDR 210292646032A" && level==0} -index 0' command is executed.
23:20:47 INFO  : FPGA configured successfully with bitstream "C:/Users/Callum/Repository_Code/ECE532/Warmup_Demo_Group_Task/Warmup_Demo_Software/Demo_HW_wrapper_hw_platform_0/Demo_HW_wrapper.bit"
23:20:47 INFO  : 'configparams mdm-detect-bscan-mask 2' command is executed.
23:20:47 INFO  : Context for processor 'microblaze_0' is selected.
23:20:47 INFO  : Processor reset is completed for 'microblaze_0'.
23:20:47 INFO  : Context for processor 'microblaze_0' is selected.
23:20:48 INFO  : The application 'C:/Users/Callum/Repository_Code/ECE532/Warmup_Demo_Group_Task/Warmup_Demo_Software/Warmup_Demo_Software/Debug/Warmup_Demo_Software.elf' is downloaded to processor 'microblaze_0'.
23:20:48 INFO  : ----------------XSDB Script----------------
connect -url tcp:127.0.0.1:3121
targets -set -filter {jtag_cable_name =~ "Digilent Nexys4DDR 210292646032A" && level==0} -index 0
fpga -file C:/Users/Callum/Repository_Code/ECE532/Warmup_Demo_Group_Task/Warmup_Demo_Software/Demo_HW_wrapper_hw_platform_0/Demo_HW_wrapper.bit
configparams mdm-detect-bscan-mask 2
targets -set -nocase -filter {name =~ "microblaze*#0" && bscan=="USER2"  && jtag_cable_name =~ "Digilent Nexys4DDR 210292646032A"} -index 0
rst -processor
targets -set -nocase -filter {name =~ "microblaze*#0" && bscan=="USER2"  && jtag_cable_name =~ "Digilent Nexys4DDR 210292646032A"} -index 0
dow C:/Users/Callum/Repository_Code/ECE532/Warmup_Demo_Group_Task/Warmup_Demo_Software/Warmup_Demo_Software/Debug/Warmup_Demo_Software.elf
----------------End of Script----------------

23:20:48 INFO  : Context for processor 'microblaze_0' is selected.
23:20:48 INFO  : 'con' command is executed.
23:20:48 INFO  : ----------------XSDB Script (After Launch)----------------
targets -set -nocase -filter {name =~ "microblaze*#0" && bscan=="USER2"  && jtag_cable_name =~ "Digilent Nexys4DDR 210292646032A"} -index 0
con
----------------End of Script----------------

23:20:48 INFO  : Disconnected from the channel tcfchan#18.
23:21:19 INFO  : Connected to target on host '127.0.0.1' and port '3121'.
23:21:20 INFO  : Jtag cable 'Digilent Nexys4DDR 210292646032A' is selected.
23:21:20 INFO  : 'jtag frequency' command is executed.
23:21:20 INFO  : 'targets -set -filter {jtag_cable_name =~ "Digilent Nexys4DDR 210292646032A" && level==0} -index 0' command is executed.
23:21:22 INFO  : FPGA configured successfully with bitstream "C:/Users/Callum/Repository_Code/ECE532/Warmup_Demo_Group_Task/Warmup_Demo_Software/Demo_HW_wrapper_hw_platform_0/Demo_HW_wrapper.bit"
23:21:22 INFO  : 'configparams mdm-detect-bscan-mask 2' command is executed.
23:21:22 INFO  : Context for processor 'microblaze_0' is selected.
23:21:22 INFO  : Processor reset is completed for 'microblaze_0'.
23:21:22 INFO  : Context for processor 'microblaze_0' is selected.
23:21:23 INFO  : The application 'C:/Users/Callum/Repository_Code/ECE532/Warmup_Demo_Group_Task/Warmup_Demo_Software/Warmup_Demo_Software/Debug/Warmup_Demo_Software.elf' is downloaded to processor 'microblaze_0'.
23:21:23 INFO  : ----------------XSDB Script----------------
connect -url tcp:127.0.0.1:3121
targets -set -filter {jtag_cable_name =~ "Digilent Nexys4DDR 210292646032A" && level==0} -index 0
fpga -file C:/Users/Callum/Repository_Code/ECE532/Warmup_Demo_Group_Task/Warmup_Demo_Software/Demo_HW_wrapper_hw_platform_0/Demo_HW_wrapper.bit
configparams mdm-detect-bscan-mask 2
targets -set -nocase -filter {name =~ "microblaze*#0" && bscan=="USER2"  && jtag_cable_name =~ "Digilent Nexys4DDR 210292646032A"} -index 0
rst -processor
targets -set -nocase -filter {name =~ "microblaze*#0" && bscan=="USER2"  && jtag_cable_name =~ "Digilent Nexys4DDR 210292646032A"} -index 0
dow C:/Users/Callum/Repository_Code/ECE532/Warmup_Demo_Group_Task/Warmup_Demo_Software/Warmup_Demo_Software/Debug/Warmup_Demo_Software.elf
----------------End of Script----------------

23:21:23 INFO  : Context for processor 'microblaze_0' is selected.
23:21:23 INFO  : 'con' command is executed.
23:21:23 INFO  : ----------------XSDB Script (After Launch)----------------
targets -set -nocase -filter {name =~ "microblaze*#0" && bscan=="USER2"  && jtag_cable_name =~ "Digilent Nexys4DDR 210292646032A"} -index 0
con
----------------End of Script----------------

23:21:23 INFO  : Disconnected from the channel tcfchan#19.
23:23:25 INFO  : Connected to target on host '127.0.0.1' and port '3121'.
23:23:26 INFO  : Jtag cable 'Digilent Nexys4DDR 210292646032A' is selected.
23:23:26 INFO  : 'jtag frequency' command is executed.
23:23:26 INFO  : 'targets -set -filter {jtag_cable_name =~ "Digilent Nexys4DDR 210292646032A" && level==0} -index 0' command is executed.
23:23:28 INFO  : FPGA configured successfully with bitstream "C:/Users/Callum/Repository_Code/ECE532/Warmup_Demo_Group_Task/Warmup_Demo_Software/Demo_HW_wrapper_hw_platform_0/Demo_HW_wrapper.bit"
23:23:28 INFO  : 'configparams mdm-detect-bscan-mask 2' command is executed.
23:23:28 INFO  : Context for processor 'microblaze_0' is selected.
23:23:28 INFO  : Processor reset is completed for 'microblaze_0'.
23:23:28 INFO  : Context for processor 'microblaze_0' is selected.
23:23:29 INFO  : The application 'C:/Users/Callum/Repository_Code/ECE532/Warmup_Demo_Group_Task/Warmup_Demo_Software/Warmup_Demo_Software/Debug/Warmup_Demo_Software.elf' is downloaded to processor 'microblaze_0'.
23:23:29 INFO  : ----------------XSDB Script----------------
connect -url tcp:127.0.0.1:3121
targets -set -filter {jtag_cable_name =~ "Digilent Nexys4DDR 210292646032A" && level==0} -index 0
fpga -file C:/Users/Callum/Repository_Code/ECE532/Warmup_Demo_Group_Task/Warmup_Demo_Software/Demo_HW_wrapper_hw_platform_0/Demo_HW_wrapper.bit
configparams mdm-detect-bscan-mask 2
targets -set -nocase -filter {name =~ "microblaze*#0" && bscan=="USER2"  && jtag_cable_name =~ "Digilent Nexys4DDR 210292646032A"} -index 0
rst -processor
targets -set -nocase -filter {name =~ "microblaze*#0" && bscan=="USER2"  && jtag_cable_name =~ "Digilent Nexys4DDR 210292646032A"} -index 0
dow C:/Users/Callum/Repository_Code/ECE532/Warmup_Demo_Group_Task/Warmup_Demo_Software/Warmup_Demo_Software/Debug/Warmup_Demo_Software.elf
----------------End of Script----------------

23:23:29 INFO  : Context for processor 'microblaze_0' is selected.
23:23:29 INFO  : 'con' command is executed.
23:23:29 INFO  : ----------------XSDB Script (After Launch)----------------
targets -set -nocase -filter {name =~ "microblaze*#0" && bscan=="USER2"  && jtag_cable_name =~ "Digilent Nexys4DDR 210292646032A"} -index 0
con
----------------End of Script----------------

23:23:29 INFO  : Disconnected from the channel tcfchan#20.
23:27:03 INFO  : Connected to target on host '127.0.0.1' and port '3121'.
23:27:03 INFO  : 'targets -set -filter {jtag_cable_name =~ "Digilent Nexys4DDR 210292646032A" && level==0} -index 0' command is executed.
23:27:05 INFO  : FPGA configured successfully with bitstream "C:/Users/Callum/Repository_Code/ECE532/Warmup_Demo_Group_Task/Warmup_Demo_Software/Demo_HW_wrapper_hw_platform_0/download.bit"
23:27:10 INFO  : Connected to target on host '127.0.0.1' and port '3121'.
23:27:10 INFO  : Jtag cable 'Digilent Nexys4DDR 210292646032A' is selected.
23:27:10 INFO  : 'jtag frequency' command is executed.
23:27:10 INFO  : 'targets -set -filter {jtag_cable_name =~ "Digilent Nexys4DDR 210292646032A" && level==0} -index 0' command is executed.
23:27:12 INFO  : FPGA configured successfully with bitstream "C:/Users/Callum/Repository_Code/ECE532/Warmup_Demo_Group_Task/Warmup_Demo_Software/Demo_HW_wrapper_hw_platform_0/Demo_HW_wrapper.bit"
23:27:12 INFO  : 'configparams mdm-detect-bscan-mask 2' command is executed.
23:27:12 INFO  : Context for processor 'microblaze_0' is selected.
23:27:12 INFO  : Processor reset is completed for 'microblaze_0'.
23:27:12 INFO  : Context for processor 'microblaze_0' is selected.
23:27:13 INFO  : The application 'C:/Users/Callum/Repository_Code/ECE532/Warmup_Demo_Group_Task/Warmup_Demo_Software/Warmup_Demo_Software/Debug/Warmup_Demo_Software.elf' is downloaded to processor 'microblaze_0'.
23:27:13 INFO  : ----------------XSDB Script----------------
connect -url tcp:127.0.0.1:3121
targets -set -filter {jtag_cable_name =~ "Digilent Nexys4DDR 210292646032A" && level==0} -index 0
fpga -file C:/Users/Callum/Repository_Code/ECE532/Warmup_Demo_Group_Task/Warmup_Demo_Software/Demo_HW_wrapper_hw_platform_0/Demo_HW_wrapper.bit
configparams mdm-detect-bscan-mask 2
targets -set -nocase -filter {name =~ "microblaze*#0" && bscan=="USER2"  && jtag_cable_name =~ "Digilent Nexys4DDR 210292646032A"} -index 0
rst -processor
targets -set -nocase -filter {name =~ "microblaze*#0" && bscan=="USER2"  && jtag_cable_name =~ "Digilent Nexys4DDR 210292646032A"} -index 0
dow C:/Users/Callum/Repository_Code/ECE532/Warmup_Demo_Group_Task/Warmup_Demo_Software/Warmup_Demo_Software/Debug/Warmup_Demo_Software.elf
----------------End of Script----------------

23:27:13 INFO  : Context for processor 'microblaze_0' is selected.
23:27:13 INFO  : 'con' command is executed.
23:27:13 INFO  : ----------------XSDB Script (After Launch)----------------
targets -set -nocase -filter {name =~ "microblaze*#0" && bscan=="USER2"  && jtag_cable_name =~ "Digilent Nexys4DDR 210292646032A"} -index 0
con
----------------End of Script----------------

23:27:13 INFO  : Disconnected from the channel tcfchan#21.
23:28:27 INFO  : Connected to target on host '127.0.0.1' and port '3121'.
23:28:27 INFO  : Jtag cable 'Digilent Nexys4DDR 210292646032A' is selected.
23:28:27 INFO  : 'jtag frequency' command is executed.
23:28:27 INFO  : 'targets -set -filter {jtag_cable_name =~ "Digilent Nexys4DDR 210292646032A" && level==0} -index 0' command is executed.
23:28:30 INFO  : FPGA configured successfully with bitstream "C:/Users/Callum/Repository_Code/ECE532/Warmup_Demo_Group_Task/Warmup_Demo_Software/Demo_HW_wrapper_hw_platform_0/Demo_HW_wrapper.bit"
23:28:30 INFO  : 'configparams mdm-detect-bscan-mask 2' command is executed.
23:28:30 INFO  : Context for processor 'microblaze_0' is selected.
23:28:30 INFO  : Processor reset is completed for 'microblaze_0'.
23:28:30 INFO  : Context for processor 'microblaze_0' is selected.
23:28:30 INFO  : The application 'C:/Users/Callum/Repository_Code/ECE532/Warmup_Demo_Group_Task/Warmup_Demo_Software/Warmup_Demo_Software/Debug/Warmup_Demo_Software.elf' is downloaded to processor 'microblaze_0'.
23:28:30 INFO  : ----------------XSDB Script----------------
connect -url tcp:127.0.0.1:3121
targets -set -filter {jtag_cable_name =~ "Digilent Nexys4DDR 210292646032A" && level==0} -index 0
fpga -file C:/Users/Callum/Repository_Code/ECE532/Warmup_Demo_Group_Task/Warmup_Demo_Software/Demo_HW_wrapper_hw_platform_0/Demo_HW_wrapper.bit
configparams mdm-detect-bscan-mask 2
targets -set -nocase -filter {name =~ "microblaze*#0" && bscan=="USER2"  && jtag_cable_name =~ "Digilent Nexys4DDR 210292646032A"} -index 0
rst -processor
targets -set -nocase -filter {name =~ "microblaze*#0" && bscan=="USER2"  && jtag_cable_name =~ "Digilent Nexys4DDR 210292646032A"} -index 0
dow C:/Users/Callum/Repository_Code/ECE532/Warmup_Demo_Group_Task/Warmup_Demo_Software/Warmup_Demo_Software/Debug/Warmup_Demo_Software.elf
----------------End of Script----------------

23:28:30 INFO  : Context for processor 'microblaze_0' is selected.
23:28:30 INFO  : 'con' command is executed.
23:28:30 INFO  : ----------------XSDB Script (After Launch)----------------
targets -set -nocase -filter {name =~ "microblaze*#0" && bscan=="USER2"  && jtag_cable_name =~ "Digilent Nexys4DDR 210292646032A"} -index 0
con
----------------End of Script----------------

23:28:30 INFO  : Disconnected from the channel tcfchan#22.
23:29:31 INFO  : Connected to target on host '127.0.0.1' and port '3121'.
23:29:32 INFO  : Jtag cable 'Digilent Nexys4DDR 210292646032A' is selected.
23:29:32 INFO  : 'jtag frequency' command is executed.
23:29:32 INFO  : 'targets -set -filter {jtag_cable_name =~ "Digilent Nexys4DDR 210292646032A" && level==0} -index 0' command is executed.
23:29:34 INFO  : FPGA configured successfully with bitstream "C:/Users/Callum/Repository_Code/ECE532/Warmup_Demo_Group_Task/Warmup_Demo_Software/Demo_HW_wrapper_hw_platform_0/Demo_HW_wrapper.bit"
23:29:34 INFO  : 'configparams mdm-detect-bscan-mask 2' command is executed.
23:29:34 INFO  : Context for processor 'microblaze_0' is selected.
23:29:34 INFO  : Processor reset is completed for 'microblaze_0'.
23:29:34 INFO  : Context for processor 'microblaze_0' is selected.
23:29:35 INFO  : The application 'C:/Users/Callum/Repository_Code/ECE532/Warmup_Demo_Group_Task/Warmup_Demo_Software/Warmup_Demo_Software/Debug/Warmup_Demo_Software.elf' is downloaded to processor 'microblaze_0'.
23:29:35 INFO  : ----------------XSDB Script----------------
connect -url tcp:127.0.0.1:3121
targets -set -filter {jtag_cable_name =~ "Digilent Nexys4DDR 210292646032A" && level==0} -index 0
fpga -file C:/Users/Callum/Repository_Code/ECE532/Warmup_Demo_Group_Task/Warmup_Demo_Software/Demo_HW_wrapper_hw_platform_0/Demo_HW_wrapper.bit
configparams mdm-detect-bscan-mask 2
targets -set -nocase -filter {name =~ "microblaze*#0" && bscan=="USER2"  && jtag_cable_name =~ "Digilent Nexys4DDR 210292646032A"} -index 0
rst -processor
targets -set -nocase -filter {name =~ "microblaze*#0" && bscan=="USER2"  && jtag_cable_name =~ "Digilent Nexys4DDR 210292646032A"} -index 0
dow C:/Users/Callum/Repository_Code/ECE532/Warmup_Demo_Group_Task/Warmup_Demo_Software/Warmup_Demo_Software/Debug/Warmup_Demo_Software.elf
----------------End of Script----------------

23:29:35 INFO  : Context for processor 'microblaze_0' is selected.
23:29:35 INFO  : 'con' command is executed.
23:29:35 INFO  : ----------------XSDB Script (After Launch)----------------
targets -set -nocase -filter {name =~ "microblaze*#0" && bscan=="USER2"  && jtag_cable_name =~ "Digilent Nexys4DDR 210292646032A"} -index 0
con
----------------End of Script----------------

23:29:35 INFO  : Disconnected from the channel tcfchan#23.
23:31:04 INFO  : Connected to target on host '127.0.0.1' and port '3121'.
23:31:04 INFO  : Jtag cable 'Digilent Nexys4DDR 210292646032A' is selected.
23:31:04 INFO  : 'jtag frequency' command is executed.
23:31:04 INFO  : 'targets -set -filter {jtag_cable_name =~ "Digilent Nexys4DDR 210292646032A" && level==0} -index 0' command is executed.
23:31:06 INFO  : FPGA configured successfully with bitstream "C:/Users/Callum/Repository_Code/ECE532/Warmup_Demo_Group_Task/Warmup_Demo_Software/Demo_HW_wrapper_hw_platform_0/Demo_HW_wrapper.bit"
23:31:06 INFO  : 'configparams mdm-detect-bscan-mask 2' command is executed.
23:31:06 INFO  : Context for processor 'microblaze_0' is selected.
23:31:06 INFO  : Processor reset is completed for 'microblaze_0'.
23:31:06 INFO  : Context for processor 'microblaze_0' is selected.
23:31:07 INFO  : The application 'C:/Users/Callum/Repository_Code/ECE532/Warmup_Demo_Group_Task/Warmup_Demo_Software/Warmup_Demo_Software/Debug/Warmup_Demo_Software.elf' is downloaded to processor 'microblaze_0'.
23:31:07 INFO  : ----------------XSDB Script----------------
connect -url tcp:127.0.0.1:3121
targets -set -filter {jtag_cable_name =~ "Digilent Nexys4DDR 210292646032A" && level==0} -index 0
fpga -file C:/Users/Callum/Repository_Code/ECE532/Warmup_Demo_Group_Task/Warmup_Demo_Software/Demo_HW_wrapper_hw_platform_0/Demo_HW_wrapper.bit
configparams mdm-detect-bscan-mask 2
targets -set -nocase -filter {name =~ "microblaze*#0" && bscan=="USER2"  && jtag_cable_name =~ "Digilent Nexys4DDR 210292646032A"} -index 0
rst -processor
targets -set -nocase -filter {name =~ "microblaze*#0" && bscan=="USER2"  && jtag_cable_name =~ "Digilent Nexys4DDR 210292646032A"} -index 0
dow C:/Users/Callum/Repository_Code/ECE532/Warmup_Demo_Group_Task/Warmup_Demo_Software/Warmup_Demo_Software/Debug/Warmup_Demo_Software.elf
----------------End of Script----------------

23:31:07 INFO  : Context for processor 'microblaze_0' is selected.
23:31:07 INFO  : 'con' command is executed.
23:31:07 INFO  : ----------------XSDB Script (After Launch)----------------
targets -set -nocase -filter {name =~ "microblaze*#0" && bscan=="USER2"  && jtag_cable_name =~ "Digilent Nexys4DDR 210292646032A"} -index 0
con
----------------End of Script----------------

23:31:07 INFO  : Disconnected from the channel tcfchan#24.
23:32:06 INFO  : Connected to target on host '127.0.0.1' and port '3121'.
23:32:07 INFO  : Jtag cable 'Digilent Nexys4DDR 210292646032A' is selected.
23:32:07 INFO  : 'jtag frequency' command is executed.
23:32:07 INFO  : 'targets -set -filter {jtag_cable_name =~ "Digilent Nexys4DDR 210292646032A" && level==0} -index 0' command is executed.
23:32:09 INFO  : FPGA configured successfully with bitstream "C:/Users/Callum/Repository_Code/ECE532/Warmup_Demo_Group_Task/Warmup_Demo_Software/Demo_HW_wrapper_hw_platform_0/Demo_HW_wrapper.bit"
23:32:09 INFO  : 'configparams mdm-detect-bscan-mask 2' command is executed.
23:32:09 INFO  : Context for processor 'microblaze_0' is selected.
23:32:09 INFO  : Processor reset is completed for 'microblaze_0'.
23:32:09 INFO  : Context for processor 'microblaze_0' is selected.
23:32:09 INFO  : The application 'C:/Users/Callum/Repository_Code/ECE532/Warmup_Demo_Group_Task/Warmup_Demo_Software/Warmup_Demo_Software/Debug/Warmup_Demo_Software.elf' is downloaded to processor 'microblaze_0'.
23:32:09 INFO  : ----------------XSDB Script----------------
connect -url tcp:127.0.0.1:3121
targets -set -filter {jtag_cable_name =~ "Digilent Nexys4DDR 210292646032A" && level==0} -index 0
fpga -file C:/Users/Callum/Repository_Code/ECE532/Warmup_Demo_Group_Task/Warmup_Demo_Software/Demo_HW_wrapper_hw_platform_0/Demo_HW_wrapper.bit
configparams mdm-detect-bscan-mask 2
targets -set -nocase -filter {name =~ "microblaze*#0" && bscan=="USER2"  && jtag_cable_name =~ "Digilent Nexys4DDR 210292646032A"} -index 0
rst -processor
targets -set -nocase -filter {name =~ "microblaze*#0" && bscan=="USER2"  && jtag_cable_name =~ "Digilent Nexys4DDR 210292646032A"} -index 0
dow C:/Users/Callum/Repository_Code/ECE532/Warmup_Demo_Group_Task/Warmup_Demo_Software/Warmup_Demo_Software/Debug/Warmup_Demo_Software.elf
----------------End of Script----------------

23:32:09 INFO  : Context for processor 'microblaze_0' is selected.
23:32:10 INFO  : 'con' command is executed.
23:32:10 INFO  : ----------------XSDB Script (After Launch)----------------
targets -set -nocase -filter {name =~ "microblaze*#0" && bscan=="USER2"  && jtag_cable_name =~ "Digilent Nexys4DDR 210292646032A"} -index 0
con
----------------End of Script----------------

23:32:10 INFO  : Disconnected from the channel tcfchan#25.
23:32:34 INFO  : Connected to target on host '127.0.0.1' and port '3121'.
23:32:34 INFO  : Jtag cable 'Digilent Nexys4DDR 210292646032A' is selected.
23:32:34 INFO  : 'jtag frequency' command is executed.
23:32:34 INFO  : 'targets -set -filter {jtag_cable_name =~ "Digilent Nexys4DDR 210292646032A" && level==0} -index 0' command is executed.
23:32:37 INFO  : FPGA configured successfully with bitstream "C:/Users/Callum/Repository_Code/ECE532/Warmup_Demo_Group_Task/Warmup_Demo_Software/Demo_HW_wrapper_hw_platform_0/Demo_HW_wrapper.bit"
23:32:37 INFO  : 'configparams mdm-detect-bscan-mask 2' command is executed.
23:32:37 INFO  : Context for processor 'microblaze_0' is selected.
23:32:37 INFO  : Processor reset is completed for 'microblaze_0'.
23:32:37 INFO  : Context for processor 'microblaze_0' is selected.
23:32:37 INFO  : The application 'C:/Users/Callum/Repository_Code/ECE532/Warmup_Demo_Group_Task/Warmup_Demo_Software/Warmup_Demo_Software/Debug/Warmup_Demo_Software.elf' is downloaded to processor 'microblaze_0'.
23:32:37 INFO  : ----------------XSDB Script----------------
connect -url tcp:127.0.0.1:3121
targets -set -filter {jtag_cable_name =~ "Digilent Nexys4DDR 210292646032A" && level==0} -index 0
fpga -file C:/Users/Callum/Repository_Code/ECE532/Warmup_Demo_Group_Task/Warmup_Demo_Software/Demo_HW_wrapper_hw_platform_0/Demo_HW_wrapper.bit
configparams mdm-detect-bscan-mask 2
targets -set -nocase -filter {name =~ "microblaze*#0" && bscan=="USER2"  && jtag_cable_name =~ "Digilent Nexys4DDR 210292646032A"} -index 0
rst -processor
targets -set -nocase -filter {name =~ "microblaze*#0" && bscan=="USER2"  && jtag_cable_name =~ "Digilent Nexys4DDR 210292646032A"} -index 0
dow C:/Users/Callum/Repository_Code/ECE532/Warmup_Demo_Group_Task/Warmup_Demo_Software/Warmup_Demo_Software/Debug/Warmup_Demo_Software.elf
----------------End of Script----------------

23:32:37 INFO  : Context for processor 'microblaze_0' is selected.
23:32:37 INFO  : 'con' command is executed.
23:32:37 INFO  : ----------------XSDB Script (After Launch)----------------
targets -set -nocase -filter {name =~ "microblaze*#0" && bscan=="USER2"  && jtag_cable_name =~ "Digilent Nexys4DDR 210292646032A"} -index 0
con
----------------End of Script----------------

23:32:37 INFO  : Disconnected from the channel tcfchan#26.
23:33:06 INFO  : Connected to target on host '127.0.0.1' and port '3121'.
23:33:07 INFO  : Jtag cable 'Digilent Nexys4DDR 210292646032A' is selected.
23:33:07 INFO  : 'jtag frequency' command is executed.
23:33:07 INFO  : 'targets -set -filter {jtag_cable_name =~ "Digilent Nexys4DDR 210292646032A" && level==0} -index 0' command is executed.
23:33:09 INFO  : FPGA configured successfully with bitstream "C:/Users/Callum/Repository_Code/ECE532/Warmup_Demo_Group_Task/Warmup_Demo_Software/Demo_HW_wrapper_hw_platform_0/Demo_HW_wrapper.bit"
23:33:09 INFO  : 'configparams mdm-detect-bscan-mask 2' command is executed.
23:33:09 INFO  : Context for processor 'microblaze_0' is selected.
23:33:09 INFO  : Processor reset is completed for 'microblaze_0'.
23:33:09 INFO  : Context for processor 'microblaze_0' is selected.
23:33:10 INFO  : The application 'C:/Users/Callum/Repository_Code/ECE532/Warmup_Demo_Group_Task/Warmup_Demo_Software/Warmup_Demo_Software/Debug/Warmup_Demo_Software.elf' is downloaded to processor 'microblaze_0'.
23:33:10 INFO  : ----------------XSDB Script----------------
connect -url tcp:127.0.0.1:3121
targets -set -filter {jtag_cable_name =~ "Digilent Nexys4DDR 210292646032A" && level==0} -index 0
fpga -file C:/Users/Callum/Repository_Code/ECE532/Warmup_Demo_Group_Task/Warmup_Demo_Software/Demo_HW_wrapper_hw_platform_0/Demo_HW_wrapper.bit
configparams mdm-detect-bscan-mask 2
targets -set -nocase -filter {name =~ "microblaze*#0" && bscan=="USER2"  && jtag_cable_name =~ "Digilent Nexys4DDR 210292646032A"} -index 0
rst -processor
targets -set -nocase -filter {name =~ "microblaze*#0" && bscan=="USER2"  && jtag_cable_name =~ "Digilent Nexys4DDR 210292646032A"} -index 0
dow C:/Users/Callum/Repository_Code/ECE532/Warmup_Demo_Group_Task/Warmup_Demo_Software/Warmup_Demo_Software/Debug/Warmup_Demo_Software.elf
----------------End of Script----------------

23:33:10 INFO  : Context for processor 'microblaze_0' is selected.
23:33:10 INFO  : 'con' command is executed.
23:33:10 INFO  : ----------------XSDB Script (After Launch)----------------
targets -set -nocase -filter {name =~ "microblaze*#0" && bscan=="USER2"  && jtag_cable_name =~ "Digilent Nexys4DDR 210292646032A"} -index 0
con
----------------End of Script----------------

23:33:10 INFO  : Disconnected from the channel tcfchan#27.
23:34:56 INFO  : Connected to target on host '127.0.0.1' and port '3121'.
23:34:56 INFO  : Jtag cable 'Digilent Nexys4DDR 210292646032A' is selected.
23:34:56 INFO  : 'jtag frequency' command is executed.
23:34:56 INFO  : 'targets -set -filter {jtag_cable_name =~ "Digilent Nexys4DDR 210292646032A" && level==0} -index 0' command is executed.
23:34:58 INFO  : FPGA configured successfully with bitstream "C:/Users/Callum/Repository_Code/ECE532/Warmup_Demo_Group_Task/Warmup_Demo_Software/Demo_HW_wrapper_hw_platform_0/Demo_HW_wrapper.bit"
23:34:58 INFO  : 'configparams mdm-detect-bscan-mask 2' command is executed.
23:34:58 INFO  : Context for processor 'microblaze_0' is selected.
23:34:58 INFO  : Processor reset is completed for 'microblaze_0'.
23:34:58 INFO  : Context for processor 'microblaze_0' is selected.
23:34:59 INFO  : The application 'C:/Users/Callum/Repository_Code/ECE532/Warmup_Demo_Group_Task/Warmup_Demo_Software/Warmup_Demo_Software/Debug/Warmup_Demo_Software.elf' is downloaded to processor 'microblaze_0'.
23:34:59 INFO  : ----------------XSDB Script----------------
connect -url tcp:127.0.0.1:3121
targets -set -filter {jtag_cable_name =~ "Digilent Nexys4DDR 210292646032A" && level==0} -index 0
fpga -file C:/Users/Callum/Repository_Code/ECE532/Warmup_Demo_Group_Task/Warmup_Demo_Software/Demo_HW_wrapper_hw_platform_0/Demo_HW_wrapper.bit
configparams mdm-detect-bscan-mask 2
targets -set -nocase -filter {name =~ "microblaze*#0" && bscan=="USER2"  && jtag_cable_name =~ "Digilent Nexys4DDR 210292646032A"} -index 0
rst -processor
targets -set -nocase -filter {name =~ "microblaze*#0" && bscan=="USER2"  && jtag_cable_name =~ "Digilent Nexys4DDR 210292646032A"} -index 0
dow C:/Users/Callum/Repository_Code/ECE532/Warmup_Demo_Group_Task/Warmup_Demo_Software/Warmup_Demo_Software/Debug/Warmup_Demo_Software.elf
----------------End of Script----------------

23:34:59 INFO  : Context for processor 'microblaze_0' is selected.
23:34:59 INFO  : 'con' command is executed.
23:34:59 INFO  : ----------------XSDB Script (After Launch)----------------
targets -set -nocase -filter {name =~ "microblaze*#0" && bscan=="USER2"  && jtag_cable_name =~ "Digilent Nexys4DDR 210292646032A"} -index 0
con
----------------End of Script----------------

23:34:59 INFO  : Disconnected from the channel tcfchan#28.
23:35:52 INFO  : Connected to target on host '127.0.0.1' and port '3121'.
23:35:52 INFO  : Jtag cable 'Digilent Nexys4DDR 210292646032A' is selected.
23:35:52 INFO  : 'jtag frequency' command is executed.
23:35:52 INFO  : 'targets -set -filter {jtag_cable_name =~ "Digilent Nexys4DDR 210292646032A" && level==0} -index 0' command is executed.
23:35:54 INFO  : FPGA configured successfully with bitstream "C:/Users/Callum/Repository_Code/ECE532/Warmup_Demo_Group_Task/Warmup_Demo_Software/Demo_HW_wrapper_hw_platform_0/Demo_HW_wrapper.bit"
23:35:54 INFO  : 'configparams mdm-detect-bscan-mask 2' command is executed.
23:35:54 INFO  : Context for processor 'microblaze_0' is selected.
23:35:54 INFO  : Processor reset is completed for 'microblaze_0'.
23:35:54 INFO  : Context for processor 'microblaze_0' is selected.
23:35:55 INFO  : The application 'C:/Users/Callum/Repository_Code/ECE532/Warmup_Demo_Group_Task/Warmup_Demo_Software/Warmup_Demo_Software/Debug/Warmup_Demo_Software.elf' is downloaded to processor 'microblaze_0'.
23:35:55 INFO  : ----------------XSDB Script----------------
connect -url tcp:127.0.0.1:3121
targets -set -filter {jtag_cable_name =~ "Digilent Nexys4DDR 210292646032A" && level==0} -index 0
fpga -file C:/Users/Callum/Repository_Code/ECE532/Warmup_Demo_Group_Task/Warmup_Demo_Software/Demo_HW_wrapper_hw_platform_0/Demo_HW_wrapper.bit
configparams mdm-detect-bscan-mask 2
targets -set -nocase -filter {name =~ "microblaze*#0" && bscan=="USER2"  && jtag_cable_name =~ "Digilent Nexys4DDR 210292646032A"} -index 0
rst -processor
targets -set -nocase -filter {name =~ "microblaze*#0" && bscan=="USER2"  && jtag_cable_name =~ "Digilent Nexys4DDR 210292646032A"} -index 0
dow C:/Users/Callum/Repository_Code/ECE532/Warmup_Demo_Group_Task/Warmup_Demo_Software/Warmup_Demo_Software/Debug/Warmup_Demo_Software.elf
----------------End of Script----------------

23:35:55 INFO  : Context for processor 'microblaze_0' is selected.
23:35:55 INFO  : 'con' command is executed.
23:35:55 INFO  : ----------------XSDB Script (After Launch)----------------
targets -set -nocase -filter {name =~ "microblaze*#0" && bscan=="USER2"  && jtag_cable_name =~ "Digilent Nexys4DDR 210292646032A"} -index 0
con
----------------End of Script----------------

23:35:55 INFO  : Disconnected from the channel tcfchan#29.
23:35:58 INFO  : Connected to target on host '127.0.0.1' and port '3121'.
23:35:58 INFO  : Jtag cable 'Digilent Nexys4DDR 210292646032A' is selected.
23:35:58 INFO  : 'jtag frequency' command is executed.
23:35:58 INFO  : 'targets -set -filter {jtag_cable_name =~ "Digilent Nexys4DDR 210292646032A" && level==0} -index 0' command is executed.
23:36:01 INFO  : FPGA configured successfully with bitstream "C:/Users/Callum/Repository_Code/ECE532/Warmup_Demo_Group_Task/Warmup_Demo_Software/Demo_HW_wrapper_hw_platform_0/Demo_HW_wrapper.bit"
23:36:01 INFO  : 'configparams mdm-detect-bscan-mask 2' command is executed.
23:36:01 INFO  : Context for processor 'microblaze_0' is selected.
23:36:01 INFO  : Processor reset is completed for 'microblaze_0'.
23:36:01 INFO  : Context for processor 'microblaze_0' is selected.
23:36:01 INFO  : The application 'C:/Users/Callum/Repository_Code/ECE532/Warmup_Demo_Group_Task/Warmup_Demo_Software/Warmup_Demo_Software/Debug/Warmup_Demo_Software.elf' is downloaded to processor 'microblaze_0'.
23:36:01 INFO  : ----------------XSDB Script----------------
connect -url tcp:127.0.0.1:3121
targets -set -filter {jtag_cable_name =~ "Digilent Nexys4DDR 210292646032A" && level==0} -index 0
fpga -file C:/Users/Callum/Repository_Code/ECE532/Warmup_Demo_Group_Task/Warmup_Demo_Software/Demo_HW_wrapper_hw_platform_0/Demo_HW_wrapper.bit
configparams mdm-detect-bscan-mask 2
targets -set -nocase -filter {name =~ "microblaze*#0" && bscan=="USER2"  && jtag_cable_name =~ "Digilent Nexys4DDR 210292646032A"} -index 0
rst -processor
targets -set -nocase -filter {name =~ "microblaze*#0" && bscan=="USER2"  && jtag_cable_name =~ "Digilent Nexys4DDR 210292646032A"} -index 0
dow C:/Users/Callum/Repository_Code/ECE532/Warmup_Demo_Group_Task/Warmup_Demo_Software/Warmup_Demo_Software/Debug/Warmup_Demo_Software.elf
----------------End of Script----------------

23:36:01 INFO  : Context for processor 'microblaze_0' is selected.
23:36:01 INFO  : 'con' command is executed.
23:36:01 INFO  : ----------------XSDB Script (After Launch)----------------
targets -set -nocase -filter {name =~ "microblaze*#0" && bscan=="USER2"  && jtag_cable_name =~ "Digilent Nexys4DDR 210292646032A"} -index 0
con
----------------End of Script----------------

23:36:01 INFO  : Disconnected from the channel tcfchan#30.
23:36:22 INFO  : Connected to target on host '127.0.0.1' and port '3121'.
23:36:23 INFO  : Jtag cable 'Digilent Nexys4DDR 210292646032A' is selected.
23:36:23 INFO  : 'jtag frequency' command is executed.
23:36:23 INFO  : 'targets -set -filter {jtag_cable_name =~ "Digilent Nexys4DDR 210292646032A" && level==0} -index 0' command is executed.
23:36:25 INFO  : FPGA configured successfully with bitstream "C:/Users/Callum/Repository_Code/ECE532/Warmup_Demo_Group_Task/Warmup_Demo_Software/Demo_HW_wrapper_hw_platform_0/Demo_HW_wrapper.bit"
23:36:25 INFO  : 'configparams mdm-detect-bscan-mask 2' command is executed.
23:36:25 INFO  : Context for processor 'microblaze_0' is selected.
23:36:25 INFO  : Processor reset is completed for 'microblaze_0'.
23:36:25 INFO  : Context for processor 'microblaze_0' is selected.
23:36:26 INFO  : The application 'C:/Users/Callum/Repository_Code/ECE532/Warmup_Demo_Group_Task/Warmup_Demo_Software/Warmup_Demo_Software/Debug/Warmup_Demo_Software.elf' is downloaded to processor 'microblaze_0'.
23:36:26 INFO  : ----------------XSDB Script----------------
connect -url tcp:127.0.0.1:3121
targets -set -filter {jtag_cable_name =~ "Digilent Nexys4DDR 210292646032A" && level==0} -index 0
fpga -file C:/Users/Callum/Repository_Code/ECE532/Warmup_Demo_Group_Task/Warmup_Demo_Software/Demo_HW_wrapper_hw_platform_0/Demo_HW_wrapper.bit
configparams mdm-detect-bscan-mask 2
targets -set -nocase -filter {name =~ "microblaze*#0" && bscan=="USER2"  && jtag_cable_name =~ "Digilent Nexys4DDR 210292646032A"} -index 0
rst -processor
targets -set -nocase -filter {name =~ "microblaze*#0" && bscan=="USER2"  && jtag_cable_name =~ "Digilent Nexys4DDR 210292646032A"} -index 0
dow C:/Users/Callum/Repository_Code/ECE532/Warmup_Demo_Group_Task/Warmup_Demo_Software/Warmup_Demo_Software/Debug/Warmup_Demo_Software.elf
----------------End of Script----------------

23:36:26 INFO  : Context for processor 'microblaze_0' is selected.
23:36:26 INFO  : 'con' command is executed.
23:36:26 INFO  : ----------------XSDB Script (After Launch)----------------
targets -set -nocase -filter {name =~ "microblaze*#0" && bscan=="USER2"  && jtag_cable_name =~ "Digilent Nexys4DDR 210292646032A"} -index 0
con
----------------End of Script----------------

23:36:26 INFO  : Disconnected from the channel tcfchan#31.
23:37:02 INFO  : Connected to target on host '127.0.0.1' and port '3121'.
23:37:02 INFO  : Jtag cable 'Digilent Nexys4DDR 210292646032A' is selected.
23:37:02 INFO  : 'jtag frequency' command is executed.
23:37:02 INFO  : 'targets -set -filter {jtag_cable_name =~ "Digilent Nexys4DDR 210292646032A" && level==0} -index 0' command is executed.
23:37:04 INFO  : FPGA configured successfully with bitstream "C:/Users/Callum/Repository_Code/ECE532/Warmup_Demo_Group_Task/Warmup_Demo_Software/Demo_HW_wrapper_hw_platform_0/Demo_HW_wrapper.bit"
23:37:04 INFO  : 'configparams mdm-detect-bscan-mask 2' command is executed.
23:37:04 INFO  : Context for processor 'microblaze_0' is selected.
23:37:04 INFO  : Processor reset is completed for 'microblaze_0'.
23:37:04 INFO  : Context for processor 'microblaze_0' is selected.
23:37:05 INFO  : The application 'C:/Users/Callum/Repository_Code/ECE532/Warmup_Demo_Group_Task/Warmup_Demo_Software/Warmup_Demo_Software/Debug/Warmup_Demo_Software.elf' is downloaded to processor 'microblaze_0'.
23:37:05 INFO  : ----------------XSDB Script----------------
connect -url tcp:127.0.0.1:3121
targets -set -filter {jtag_cable_name =~ "Digilent Nexys4DDR 210292646032A" && level==0} -index 0
fpga -file C:/Users/Callum/Repository_Code/ECE532/Warmup_Demo_Group_Task/Warmup_Demo_Software/Demo_HW_wrapper_hw_platform_0/Demo_HW_wrapper.bit
configparams mdm-detect-bscan-mask 2
targets -set -nocase -filter {name =~ "microblaze*#0" && bscan=="USER2"  && jtag_cable_name =~ "Digilent Nexys4DDR 210292646032A"} -index 0
rst -processor
targets -set -nocase -filter {name =~ "microblaze*#0" && bscan=="USER2"  && jtag_cable_name =~ "Digilent Nexys4DDR 210292646032A"} -index 0
dow C:/Users/Callum/Repository_Code/ECE532/Warmup_Demo_Group_Task/Warmup_Demo_Software/Warmup_Demo_Software/Debug/Warmup_Demo_Software.elf
----------------End of Script----------------

23:37:05 INFO  : Context for processor 'microblaze_0' is selected.
23:37:05 INFO  : 'con' command is executed.
23:37:05 INFO  : ----------------XSDB Script (After Launch)----------------
targets -set -nocase -filter {name =~ "microblaze*#0" && bscan=="USER2"  && jtag_cable_name =~ "Digilent Nexys4DDR 210292646032A"} -index 0
con
----------------End of Script----------------

23:37:05 INFO  : Disconnected from the channel tcfchan#32.
23:37:39 INFO  : Connected to target on host '127.0.0.1' and port '3121'.
23:37:39 INFO  : Jtag cable 'Digilent Nexys4DDR 210292646032A' is selected.
23:37:39 INFO  : 'jtag frequency' command is executed.
23:37:39 INFO  : 'targets -set -filter {jtag_cable_name =~ "Digilent Nexys4DDR 210292646032A" && level==0} -index 0' command is executed.
23:37:41 INFO  : FPGA configured successfully with bitstream "C:/Users/Callum/Repository_Code/ECE532/Warmup_Demo_Group_Task/Warmup_Demo_Software/Demo_HW_wrapper_hw_platform_0/Demo_HW_wrapper.bit"
23:37:41 INFO  : 'configparams mdm-detect-bscan-mask 2' command is executed.
23:37:41 INFO  : Context for processor 'microblaze_0' is selected.
23:37:41 INFO  : Processor reset is completed for 'microblaze_0'.
23:37:41 INFO  : Context for processor 'microblaze_0' is selected.
23:37:42 INFO  : The application 'C:/Users/Callum/Repository_Code/ECE532/Warmup_Demo_Group_Task/Warmup_Demo_Software/Warmup_Demo_Software/Debug/Warmup_Demo_Software.elf' is downloaded to processor 'microblaze_0'.
23:37:42 INFO  : ----------------XSDB Script----------------
connect -url tcp:127.0.0.1:3121
targets -set -filter {jtag_cable_name =~ "Digilent Nexys4DDR 210292646032A" && level==0} -index 0
fpga -file C:/Users/Callum/Repository_Code/ECE532/Warmup_Demo_Group_Task/Warmup_Demo_Software/Demo_HW_wrapper_hw_platform_0/Demo_HW_wrapper.bit
configparams mdm-detect-bscan-mask 2
targets -set -nocase -filter {name =~ "microblaze*#0" && bscan=="USER2"  && jtag_cable_name =~ "Digilent Nexys4DDR 210292646032A"} -index 0
rst -processor
targets -set -nocase -filter {name =~ "microblaze*#0" && bscan=="USER2"  && jtag_cable_name =~ "Digilent Nexys4DDR 210292646032A"} -index 0
dow C:/Users/Callum/Repository_Code/ECE532/Warmup_Demo_Group_Task/Warmup_Demo_Software/Warmup_Demo_Software/Debug/Warmup_Demo_Software.elf
----------------End of Script----------------

23:37:42 INFO  : Context for processor 'microblaze_0' is selected.
23:37:42 INFO  : 'con' command is executed.
23:37:42 INFO  : ----------------XSDB Script (After Launch)----------------
targets -set -nocase -filter {name =~ "microblaze*#0" && bscan=="USER2"  && jtag_cable_name =~ "Digilent Nexys4DDR 210292646032A"} -index 0
con
----------------End of Script----------------

23:37:42 INFO  : Disconnected from the channel tcfchan#33.
23:38:06 INFO  : Connected to target on host '127.0.0.1' and port '3121'.
23:38:06 INFO  : Jtag cable 'Digilent Nexys4DDR 210292646032A' is selected.
23:38:06 INFO  : 'jtag frequency' command is executed.
23:38:06 INFO  : 'targets -set -filter {jtag_cable_name =~ "Digilent Nexys4DDR 210292646032A" && level==0} -index 0' command is executed.
23:38:08 INFO  : FPGA configured successfully with bitstream "C:/Users/Callum/Repository_Code/ECE532/Warmup_Demo_Group_Task/Warmup_Demo_Software/Demo_HW_wrapper_hw_platform_0/Demo_HW_wrapper.bit"
23:38:08 INFO  : 'configparams mdm-detect-bscan-mask 2' command is executed.
23:38:08 INFO  : Context for processor 'microblaze_0' is selected.
23:38:08 INFO  : Processor reset is completed for 'microblaze_0'.
23:38:08 INFO  : Context for processor 'microblaze_0' is selected.
23:38:09 INFO  : The application 'C:/Users/Callum/Repository_Code/ECE532/Warmup_Demo_Group_Task/Warmup_Demo_Software/Warmup_Demo_Software/Debug/Warmup_Demo_Software.elf' is downloaded to processor 'microblaze_0'.
23:38:09 INFO  : ----------------XSDB Script----------------
connect -url tcp:127.0.0.1:3121
targets -set -filter {jtag_cable_name =~ "Digilent Nexys4DDR 210292646032A" && level==0} -index 0
fpga -file C:/Users/Callum/Repository_Code/ECE532/Warmup_Demo_Group_Task/Warmup_Demo_Software/Demo_HW_wrapper_hw_platform_0/Demo_HW_wrapper.bit
configparams mdm-detect-bscan-mask 2
targets -set -nocase -filter {name =~ "microblaze*#0" && bscan=="USER2"  && jtag_cable_name =~ "Digilent Nexys4DDR 210292646032A"} -index 0
rst -processor
targets -set -nocase -filter {name =~ "microblaze*#0" && bscan=="USER2"  && jtag_cable_name =~ "Digilent Nexys4DDR 210292646032A"} -index 0
dow C:/Users/Callum/Repository_Code/ECE532/Warmup_Demo_Group_Task/Warmup_Demo_Software/Warmup_Demo_Software/Debug/Warmup_Demo_Software.elf
----------------End of Script----------------

23:38:09 INFO  : Context for processor 'microblaze_0' is selected.
23:38:09 INFO  : 'con' command is executed.
23:38:09 INFO  : ----------------XSDB Script (After Launch)----------------
targets -set -nocase -filter {name =~ "microblaze*#0" && bscan=="USER2"  && jtag_cable_name =~ "Digilent Nexys4DDR 210292646032A"} -index 0
con
----------------End of Script----------------

23:38:09 INFO  : Disconnected from the channel tcfchan#34.
23:38:34 INFO  : Connected to target on host '127.0.0.1' and port '3121'.
23:38:34 INFO  : Jtag cable 'Digilent Nexys4DDR 210292646032A' is selected.
23:38:34 INFO  : 'jtag frequency' command is executed.
23:38:34 INFO  : 'targets -set -filter {jtag_cable_name =~ "Digilent Nexys4DDR 210292646032A" && level==0} -index 0' command is executed.
23:38:36 INFO  : FPGA configured successfully with bitstream "C:/Users/Callum/Repository_Code/ECE532/Warmup_Demo_Group_Task/Warmup_Demo_Software/Demo_HW_wrapper_hw_platform_0/Demo_HW_wrapper.bit"
23:38:36 INFO  : 'configparams mdm-detect-bscan-mask 2' command is executed.
23:38:36 INFO  : Context for processor 'microblaze_0' is selected.
23:38:36 INFO  : Processor reset is completed for 'microblaze_0'.
23:38:36 INFO  : Context for processor 'microblaze_0' is selected.
23:38:37 INFO  : The application 'C:/Users/Callum/Repository_Code/ECE532/Warmup_Demo_Group_Task/Warmup_Demo_Software/Warmup_Demo_Software/Debug/Warmup_Demo_Software.elf' is downloaded to processor 'microblaze_0'.
23:38:37 INFO  : ----------------XSDB Script----------------
connect -url tcp:127.0.0.1:3121
targets -set -filter {jtag_cable_name =~ "Digilent Nexys4DDR 210292646032A" && level==0} -index 0
fpga -file C:/Users/Callum/Repository_Code/ECE532/Warmup_Demo_Group_Task/Warmup_Demo_Software/Demo_HW_wrapper_hw_platform_0/Demo_HW_wrapper.bit
configparams mdm-detect-bscan-mask 2
targets -set -nocase -filter {name =~ "microblaze*#0" && bscan=="USER2"  && jtag_cable_name =~ "Digilent Nexys4DDR 210292646032A"} -index 0
rst -processor
targets -set -nocase -filter {name =~ "microblaze*#0" && bscan=="USER2"  && jtag_cable_name =~ "Digilent Nexys4DDR 210292646032A"} -index 0
dow C:/Users/Callum/Repository_Code/ECE532/Warmup_Demo_Group_Task/Warmup_Demo_Software/Warmup_Demo_Software/Debug/Warmup_Demo_Software.elf
----------------End of Script----------------

23:38:37 INFO  : Context for processor 'microblaze_0' is selected.
23:38:37 INFO  : 'con' command is executed.
23:38:37 INFO  : ----------------XSDB Script (After Launch)----------------
targets -set -nocase -filter {name =~ "microblaze*#0" && bscan=="USER2"  && jtag_cable_name =~ "Digilent Nexys4DDR 210292646032A"} -index 0
con
----------------End of Script----------------

23:38:37 INFO  : Disconnected from the channel tcfchan#35.
23:39:28 INFO  : Connected to target on host '127.0.0.1' and port '3121'.
23:39:28 INFO  : Jtag cable 'Digilent Nexys4DDR 210292646032A' is selected.
23:39:28 INFO  : 'jtag frequency' command is executed.
23:39:28 INFO  : 'targets -set -filter {jtag_cable_name =~ "Digilent Nexys4DDR 210292646032A" && level==0} -index 0' command is executed.
23:39:30 INFO  : FPGA configured successfully with bitstream "C:/Users/Callum/Repository_Code/ECE532/Warmup_Demo_Group_Task/Warmup_Demo_Software/Demo_HW_wrapper_hw_platform_0/Demo_HW_wrapper.bit"
23:39:30 INFO  : 'configparams mdm-detect-bscan-mask 2' command is executed.
23:39:30 INFO  : Context for processor 'microblaze_0' is selected.
23:39:30 INFO  : Processor reset is completed for 'microblaze_0'.
23:39:30 INFO  : Context for processor 'microblaze_0' is selected.
23:39:31 INFO  : The application 'C:/Users/Callum/Repository_Code/ECE532/Warmup_Demo_Group_Task/Warmup_Demo_Software/Warmup_Demo_Software/Debug/Warmup_Demo_Software.elf' is downloaded to processor 'microblaze_0'.
23:39:31 INFO  : ----------------XSDB Script----------------
connect -url tcp:127.0.0.1:3121
targets -set -filter {jtag_cable_name =~ "Digilent Nexys4DDR 210292646032A" && level==0} -index 0
fpga -file C:/Users/Callum/Repository_Code/ECE532/Warmup_Demo_Group_Task/Warmup_Demo_Software/Demo_HW_wrapper_hw_platform_0/Demo_HW_wrapper.bit
configparams mdm-detect-bscan-mask 2
targets -set -nocase -filter {name =~ "microblaze*#0" && bscan=="USER2"  && jtag_cable_name =~ "Digilent Nexys4DDR 210292646032A"} -index 0
rst -processor
targets -set -nocase -filter {name =~ "microblaze*#0" && bscan=="USER2"  && jtag_cable_name =~ "Digilent Nexys4DDR 210292646032A"} -index 0
dow C:/Users/Callum/Repository_Code/ECE532/Warmup_Demo_Group_Task/Warmup_Demo_Software/Warmup_Demo_Software/Debug/Warmup_Demo_Software.elf
----------------End of Script----------------

23:39:31 INFO  : Context for processor 'microblaze_0' is selected.
23:39:31 INFO  : 'con' command is executed.
23:39:31 INFO  : ----------------XSDB Script (After Launch)----------------
targets -set -nocase -filter {name =~ "microblaze*#0" && bscan=="USER2"  && jtag_cable_name =~ "Digilent Nexys4DDR 210292646032A"} -index 0
con
----------------End of Script----------------

23:39:31 INFO  : Disconnected from the channel tcfchan#36.
00:19:06 INFO  : Registering command handlers for SDK TCF services
00:19:07 INFO  : Launching XSCT server: xsct.bat -interactive C:\Users\Callum\Repository_Code\ECE532\Warmup_Demo_Group_Task\Warmup_Demo_Software\temp_xsdb_launch_script.tcl
00:19:09 INFO  : XSCT server has started successfully.
00:19:09 INFO  : Successfully done setting XSCT server connection channel  
00:19:10 INFO  : Successfully done setting SDK workspace  
00:19:41 INFO  : Connected to target on host '127.0.0.1' and port '3121'.
00:19:41 INFO  : 'targets -set -filter {jtag_cable_name =~ "Digilent Nexys4DDR 210292646032A" && level==0} -index 0' command is executed.
00:19:43 INFO  : FPGA configured successfully with bitstream "C:/Users/Callum/Repository_Code/ECE532/Warmup_Demo_Group_Task/Warmup_Demo_Software/Demo_HW_wrapper_hw_platform_0/download.bit"
00:20:35 INFO  : Connected to target on host '127.0.0.1' and port '3121'.
00:20:35 INFO  : 'targets -set -filter {jtag_cable_name =~ "Digilent Nexys4DDR 210292646032A" && level==0} -index 0' command is executed.
00:20:38 INFO  : FPGA configured successfully with bitstream "C:/Users/Callum/Repository_Code/ECE532/Warmup_Demo_Group_Task/Warmup_Demo_Software/Demo_HW_wrapper_hw_platform_0/download.bit"
00:20:55 INFO  : Connected to target on host '127.0.0.1' and port '3121'.
00:20:55 INFO  : Jtag cable 'Digilent Nexys4DDR 210292646032A' is selected.
00:20:55 INFO  : 'jtag frequency' command is executed.
00:20:55 INFO  : 'targets -set -filter {jtag_cable_name =~ "Digilent Nexys4DDR 210292646032A" && level==0} -index 0' command is executed.
00:20:57 INFO  : FPGA configured successfully with bitstream "C:/Users/Callum/Repository_Code/ECE532/Warmup_Demo_Group_Task/Warmup_Demo_Software/Demo_HW_wrapper_hw_platform_0/Demo_HW_wrapper.bit"
00:20:57 INFO  : 'configparams mdm-detect-bscan-mask 2' command is executed.
00:20:57 INFO  : Context for processor 'microblaze_0' is selected.
00:20:58 INFO  : Processor reset is completed for 'microblaze_0'.
00:20:58 INFO  : Context for processor 'microblaze_0' is selected.
00:20:58 INFO  : The application 'C:/Users/Callum/Repository_Code/ECE532/Warmup_Demo_Group_Task/Warmup_Demo_Software/Warmup_Demo_Software/Debug/Warmup_Demo_Software.elf' is downloaded to processor 'microblaze_0'.
00:20:58 INFO  : ----------------XSDB Script----------------
connect -url tcp:127.0.0.1:3121
targets -set -filter {jtag_cable_name =~ "Digilent Nexys4DDR 210292646032A" && level==0} -index 0
fpga -file C:/Users/Callum/Repository_Code/ECE532/Warmup_Demo_Group_Task/Warmup_Demo_Software/Demo_HW_wrapper_hw_platform_0/Demo_HW_wrapper.bit
configparams mdm-detect-bscan-mask 2
targets -set -nocase -filter {name =~ "microblaze*#0" && bscan=="USER2"  && jtag_cable_name =~ "Digilent Nexys4DDR 210292646032A"} -index 0
rst -processor
targets -set -nocase -filter {name =~ "microblaze*#0" && bscan=="USER2"  && jtag_cable_name =~ "Digilent Nexys4DDR 210292646032A"} -index 0
dow C:/Users/Callum/Repository_Code/ECE532/Warmup_Demo_Group_Task/Warmup_Demo_Software/Warmup_Demo_Software/Debug/Warmup_Demo_Software.elf
----------------End of Script----------------

00:20:58 INFO  : Context for processor 'microblaze_0' is selected.
00:20:58 INFO  : 'con' command is executed.
00:20:58 INFO  : ----------------XSDB Script (After Launch)----------------
targets -set -nocase -filter {name =~ "microblaze*#0" && bscan=="USER2"  && jtag_cable_name =~ "Digilent Nexys4DDR 210292646032A"} -index 0
con
----------------End of Script----------------

00:20:58 INFO  : Disconnected from the channel tcfchan#1.
00:21:45 INFO  : Connected to target on host '127.0.0.1' and port '3121'.
00:21:45 INFO  : Jtag cable 'Digilent Nexys4DDR 210292646032A' is selected.
00:21:45 INFO  : 'jtag frequency' command is executed.
00:21:45 INFO  : 'targets -set -filter {jtag_cable_name =~ "Digilent Nexys4DDR 210292646032A" && level==0} -index 0' command is executed.
00:21:48 INFO  : FPGA configured successfully with bitstream "C:/Users/Callum/Repository_Code/ECE532/Warmup_Demo_Group_Task/Warmup_Demo_Software/Demo_HW_wrapper_hw_platform_0/Demo_HW_wrapper.bit"
00:21:48 INFO  : 'configparams mdm-detect-bscan-mask 2' command is executed.
00:21:48 INFO  : Context for processor 'microblaze_0' is selected.
00:21:48 INFO  : Processor reset is completed for 'microblaze_0'.
00:21:48 INFO  : Context for processor 'microblaze_0' is selected.
00:21:48 INFO  : The application 'C:/Users/Callum/Repository_Code/ECE532/Warmup_Demo_Group_Task/Warmup_Demo_Software/Warmup_Demo_Software/Debug/Warmup_Demo_Software.elf' is downloaded to processor 'microblaze_0'.
00:21:48 INFO  : ----------------XSDB Script----------------
connect -url tcp:127.0.0.1:3121
targets -set -filter {jtag_cable_name =~ "Digilent Nexys4DDR 210292646032A" && level==0} -index 0
fpga -file C:/Users/Callum/Repository_Code/ECE532/Warmup_Demo_Group_Task/Warmup_Demo_Software/Demo_HW_wrapper_hw_platform_0/Demo_HW_wrapper.bit
configparams mdm-detect-bscan-mask 2
targets -set -nocase -filter {name =~ "microblaze*#0" && bscan=="USER2"  && jtag_cable_name =~ "Digilent Nexys4DDR 210292646032A"} -index 0
rst -processor
targets -set -nocase -filter {name =~ "microblaze*#0" && bscan=="USER2"  && jtag_cable_name =~ "Digilent Nexys4DDR 210292646032A"} -index 0
dow C:/Users/Callum/Repository_Code/ECE532/Warmup_Demo_Group_Task/Warmup_Demo_Software/Warmup_Demo_Software/Debug/Warmup_Demo_Software.elf
----------------End of Script----------------

00:21:48 INFO  : Context for processor 'microblaze_0' is selected.
00:21:48 INFO  : 'con' command is executed.
00:21:48 INFO  : ----------------XSDB Script (After Launch)----------------
targets -set -nocase -filter {name =~ "microblaze*#0" && bscan=="USER2"  && jtag_cable_name =~ "Digilent Nexys4DDR 210292646032A"} -index 0
con
----------------End of Script----------------

00:21:48 INFO  : Disconnected from the channel tcfchan#2.
00:23:09 INFO  : Connected to target on host '127.0.0.1' and port '3121'.
00:23:09 INFO  : Jtag cable 'Digilent Nexys4DDR 210292646032A' is selected.
00:23:09 INFO  : 'jtag frequency' command is executed.
00:23:09 INFO  : 'targets -set -filter {jtag_cable_name =~ "Digilent Nexys4DDR 210292646032A" && level==0} -index 0' command is executed.
00:23:11 INFO  : FPGA configured successfully with bitstream "C:/Users/Callum/Repository_Code/ECE532/Warmup_Demo_Group_Task/Warmup_Demo_Software/Demo_HW_wrapper_hw_platform_0/Demo_HW_wrapper.bit"
00:23:11 INFO  : 'configparams mdm-detect-bscan-mask 2' command is executed.
00:23:11 INFO  : Context for processor 'microblaze_0' is selected.
00:23:11 INFO  : Processor reset is completed for 'microblaze_0'.
00:23:11 INFO  : Context for processor 'microblaze_0' is selected.
00:23:12 INFO  : The application 'C:/Users/Callum/Repository_Code/ECE532/Warmup_Demo_Group_Task/Warmup_Demo_Software/Warmup_Demo_Software/Debug/Warmup_Demo_Software.elf' is downloaded to processor 'microblaze_0'.
00:23:12 INFO  : ----------------XSDB Script----------------
connect -url tcp:127.0.0.1:3121
targets -set -filter {jtag_cable_name =~ "Digilent Nexys4DDR 210292646032A" && level==0} -index 0
fpga -file C:/Users/Callum/Repository_Code/ECE532/Warmup_Demo_Group_Task/Warmup_Demo_Software/Demo_HW_wrapper_hw_platform_0/Demo_HW_wrapper.bit
configparams mdm-detect-bscan-mask 2
targets -set -nocase -filter {name =~ "microblaze*#0" && bscan=="USER2"  && jtag_cable_name =~ "Digilent Nexys4DDR 210292646032A"} -index 0
rst -processor
targets -set -nocase -filter {name =~ "microblaze*#0" && bscan=="USER2"  && jtag_cable_name =~ "Digilent Nexys4DDR 210292646032A"} -index 0
dow C:/Users/Callum/Repository_Code/ECE532/Warmup_Demo_Group_Task/Warmup_Demo_Software/Warmup_Demo_Software/Debug/Warmup_Demo_Software.elf
----------------End of Script----------------

00:23:12 INFO  : Context for processor 'microblaze_0' is selected.
00:23:12 INFO  : 'con' command is executed.
00:23:12 INFO  : ----------------XSDB Script (After Launch)----------------
targets -set -nocase -filter {name =~ "microblaze*#0" && bscan=="USER2"  && jtag_cable_name =~ "Digilent Nexys4DDR 210292646032A"} -index 0
con
----------------End of Script----------------

00:23:12 INFO  : Disconnected from the channel tcfchan#3.
00:23:55 INFO  : Connected to target on host '127.0.0.1' and port '3121'.
00:23:55 INFO  : Jtag cable 'Digilent Nexys4DDR 210292646032A' is selected.
00:23:55 INFO  : 'jtag frequency' command is executed.
00:23:55 INFO  : 'targets -set -filter {jtag_cable_name =~ "Digilent Nexys4DDR 210292646032A" && level==0} -index 0' command is executed.
